{"C:\\Users\\ajxia\\OneDrive\\Desktop\\Documents\\DVOPS_Projects\\DVOPS_Project\\DevOps-Project\\utils\\ResourceUtil.js":{"path":"C:\\Users\\ajxia\\OneDrive\\Desktop\\Documents\\DVOPS_Projects\\DVOPS_Project\\DevOps-Project\\utils\\ResourceUtil.js","statementMap":{"0":{"start":{"line":1,"column":11},"end":{"line":1,"column":24}},"1":{"start":{"line":2,"column":13},"end":{"line":2,"column":28}},"2":{"start":{"line":4,"column":15},"end":{"line":4,"column":46}},"3":{"start":{"line":6,"column":30},"end":{"line":28,"column":1}},"4":{"start":{"line":7,"column":19},"end":{"line":7,"column":52}},"5":{"start":{"line":8,"column":15},"end":{"line":8,"column":29}},"6":{"start":{"line":10,"column":2},"end":{"line":27,"column":3}},"7":{"start":{"line":11,"column":15},"end":{"line":11,"column":59}},"8":{"start":{"line":12,"column":30},"end":{"line":14,"column":5}},"9":{"start":{"line":13,"column":18},"end":{"line":13,"column":70}},"10":{"start":{"line":16,"column":32},"end":{"line":22,"column":6}},"11":{"start":{"line":17,"column":22},"end":{"line":17,"column":79}},"12":{"start":{"line":17,"column":46},"end":{"line":17,"column":78}},"13":{"start":{"line":18,"column":6},"end":{"line":21,"column":8}},"14":{"start":{"line":24,"column":4},"end":{"line":24,"column":46}},"15":{"start":{"line":26,"column":4},"end":{"line":26,"column":70}},"16":{"start":{"line":31,"column":31},"end":{"line":60,"column":1}},"17":{"start":{"line":32,"column":23},"end":{"line":32,"column":60}},"18":{"start":{"line":33,"column":20},"end":{"line":33,"column":35}},"19":{"start":{"line":35,"column":2},"end":{"line":37,"column":3}},"20":{"start":{"line":36,"column":4},"end":{"line":36,"column":65}},"21":{"start":{"line":39,"column":2},"end":{"line":59,"column":3}},"22":{"start":{"line":40,"column":15},"end":{"line":40,"column":59}},"23":{"start":{"line":41,"column":29},"end":{"line":43,"column":5}},"24":{"start":{"line":42,"column":18},"end":{"line":42,"column":54}},"25":{"start":{"line":45,"column":4},"end":{"line":56,"column":5}},"26":{"start":{"line":46,"column":6},"end":{"line":46,"column":42}},"27":{"start":{"line":48,"column":6},"end":{"line":48,"column":69}},"28":{"start":{"line":50,"column":6},"end":{"line":53,"column":9}},"29":{"start":{"line":55,"column":6},"end":{"line":55,"column":76}},"30":{"start":{"line":58,"column":4},"end":{"line":58,"column":79}},"31":{"start":{"line":62,"column":0},"end":{"line":62,"column":67}}},"fnMap":{"0":{"name":"(anonymous_0)","decl":{"start":{"line":6,"column":30},"end":{"line":6,"column":31}},"loc":{"start":{"line":6,"column":44},"end":{"line":28,"column":1}},"line":6},"1":{"name":"(anonymous_1)","decl":{"start":{"line":13,"column":6},"end":{"line":13,"column":7}},"loc":{"start":{"line":13,"column":18},"end":{"line":13,"column":70}},"line":13},"2":{"name":"(anonymous_2)","decl":{"start":{"line":16,"column":54},"end":{"line":16,"column":55}},"loc":{"start":{"line":16,"column":66},"end":{"line":22,"column":5}},"line":16},"3":{"name":"(anonymous_3)","decl":{"start":{"line":17,"column":39},"end":{"line":17,"column":40}},"loc":{"start":{"line":17,"column":46},"end":{"line":17,"column":78}},"line":17},"4":{"name":"(anonymous_4)","decl":{"start":{"line":31,"column":31},"end":{"line":31,"column":32}},"loc":{"start":{"line":31,"column":45},"end":{"line":60,"column":1}},"line":31},"5":{"name":"(anonymous_5)","decl":{"start":{"line":42,"column":6},"end":{"line":42,"column":7}},"loc":{"start":{"line":42,"column":18},"end":{"line":42,"column":54}},"line":42}},"branchMap":{"0":{"loc":{"start":{"line":13,"column":18},"end":{"line":13,"column":70}},"type":"binary-expr","locations":[{"start":{"line":13,"column":18},"end":{"line":13,"column":46}},{"start":{"line":13,"column":50},"end":{"line":13,"column":70}}],"line":13},"1":{"loc":{"start":{"line":20,"column":14},"end":{"line":20,"column":48}},"type":"cond-expr","locations":[{"start":{"line":20,"column":24},"end":{"line":20,"column":36}},{"start":{"line":20,"column":39},"end":{"line":20,"column":48}}],"line":20},"2":{"loc":{"start":{"line":35,"column":2},"end":{"line":37,"column":3}},"type":"if","locations":[{"start":{"line":35,"column":2},"end":{"line":37,"column":3}},{"start":{},"end":{}}],"line":35},"3":{"loc":{"start":{"line":45,"column":4},"end":{"line":56,"column":5}},"type":"if","locations":[{"start":{"line":45,"column":4},"end":{"line":56,"column":5}},{"start":{"line":54,"column":11},"end":{"line":56,"column":5}}],"line":45}},"s":{"0":1,"1":1,"2":1,"3":1,"4":0,"5":0,"6":0,"7":0,"8":0,"9":0,"10":0,"11":0,"12":0,"13":0,"14":0,"15":0,"16":1,"17":0,"18":0,"19":0,"20":0,"21":0,"22":0,"23":0,"24":0,"25":0,"26":0,"27":0,"28":0,"29":0,"30":0,"31":1},"f":{"0":0,"1":0,"2":0,"3":0,"4":0,"5":0},"b":{"0":[0,0],"1":[0,0],"2":[0,0],"3":[0,0]},"_coverageSchema":"1a1c01bbd47fc00a2c39e90264f33305004495a9","hash":"9aefc40e3982c6a6d54dad5e9ed4e33f2bbb8a99","contentHash":"d65ae0d6179cb6c6163b5d1acd8c831e238bb07eb7e7c6aeaaa7c3e0e283c80a"}}