{"C:\\Users\\ajxia\\OneDrive\\Desktop\\Documents\\DVOPS_Projects\\DVOPS_Project\\DevOps-Project\\utils\\ResourceUtil.js":{"path":"C:\\Users\\ajxia\\OneDrive\\Desktop\\Documents\\DVOPS_Projects\\DVOPS_Project\\DevOps-Project\\utils\\ResourceUtil.js","statementMap":{"0":{"start":{"line":1,"column":16},"end":{"line":1,"column":34}},"1":{"start":{"line":2,"column":11},"end":{"line":2,"column":33}},"2":{"start":{"line":3,"column":13},"end":{"line":3,"column":28}},"3":{"start":{"line":4,"column":15},"end":{"line":4,"column":31}},"4":{"start":{"line":7,"column":34},"end":{"line":7,"column":80}},"5":{"start":{"line":10,"column":15},"end":{"line":10,"column":46}},"6":{"start":{"line":14,"column":2},"end":{"line":20,"column":3}},"7":{"start":{"line":15,"column":17},"end":{"line":15,"column":52}},"8":{"start":{"line":16,"column":4},"end":{"line":16,"column":28}},"9":{"start":{"line":18,"column":4},"end":{"line":18,"column":54}},"10":{"start":{"line":19,"column":4},"end":{"line":19,"column":14}},"11":{"start":{"line":25,"column":2},"end":{"line":30,"column":3}},"12":{"start":{"line":26,"column":4},"end":{"line":26,"column":74}},"13":{"start":{"line":28,"column":4},"end":{"line":28,"column":57}},"14":{"start":{"line":29,"column":4},"end":{"line":29,"column":14}},"15":{"start":{"line":34,"column":31},"end":{"line":72,"column":1}},"16":{"start":{"line":35,"column":23},"end":{"line":35,"column":60}},"17":{"start":{"line":36,"column":20},"end":{"line":36,"column":35}},"18":{"start":{"line":39,"column":2},"end":{"line":41,"column":3}},"19":{"start":{"line":40,"column":4},"end":{"line":40,"column":67}},"20":{"start":{"line":44,"column":2},"end":{"line":46,"column":3}},"21":{"start":{"line":45,"column":4},"end":{"line":45,"column":65}},"22":{"start":{"line":48,"column":2},"end":{"line":71,"column":3}},"23":{"start":{"line":49,"column":15},"end":{"line":49,"column":37}},"24":{"start":{"line":50,"column":29},"end":{"line":52,"column":5}},"25":{"start":{"line":51,"column":18},"end":{"line":51,"column":54}},"26":{"start":{"line":54,"column":4},"end":{"line":56,"column":5}},"27":{"start":{"line":55,"column":6},"end":{"line":55,"column":76}},"28":{"start":{"line":59,"column":4},"end":{"line":59,"column":40}},"29":{"start":{"line":60,"column":4},"end":{"line":60,"column":32}},"30":{"start":{"line":63,"column":4},"end":{"line":66,"column":7}},"31":{"start":{"line":69,"column":4},"end":{"line":69,"column":77}},"32":{"start":{"line":70,"column":4},"end":{"line":70,"column":79}},"33":{"start":{"line":75,"column":0},"end":{"line":75,"column":68}},"34":{"start":{"line":78,"column":0},"end":{"line":78,"column":73}},"35":{"start":{"line":80,"column":0},"end":{"line":80,"column":67}}},"fnMap":{"0":{"name":"readJSON","decl":{"start":{"line":13,"column":15},"end":{"line":13,"column":23}},"loc":{"start":{"line":13,"column":34},"end":{"line":21,"column":1}},"line":13},"1":{"name":"writeJSON","decl":{"start":{"line":24,"column":15},"end":{"line":24,"column":24}},"loc":{"start":{"line":24,"column":43},"end":{"line":31,"column":1}},"line":24},"2":{"name":"(anonymous_2)","decl":{"start":{"line":34,"column":31},"end":{"line":34,"column":32}},"loc":{"start":{"line":34,"column":51},"end":{"line":72,"column":1}},"line":34},"3":{"name":"(anonymous_3)","decl":{"start":{"line":51,"column":6},"end":{"line":51,"column":7}},"loc":{"start":{"line":51,"column":18},"end":{"line":51,"column":54}},"line":51}},"branchMap":{"0":{"loc":{"start":{"line":39,"column":2},"end":{"line":41,"column":3}},"type":"if","locations":[{"start":{"line":39,"column":2},"end":{"line":41,"column":3}},{"start":{},"end":{}}],"line":39},"1":{"loc":{"start":{"line":44,"column":2},"end":{"line":46,"column":3}},"type":"if","locations":[{"start":{"line":44,"column":2},"end":{"line":46,"column":3}},{"start":{},"end":{}}],"line":44},"2":{"loc":{"start":{"line":54,"column":4},"end":{"line":56,"column":5}},"type":"if","locations":[{"start":{"line":54,"column":4},"end":{"line":56,"column":5}},{"start":{},"end":{}}],"line":54}},"s":{"0":1,"1":1,"2":1,"3":1,"4":1,"5":1,"6":3,"7":3,"8":3,"9":0,"10":0,"11":2,"12":2,"13":0,"14":0,"15":1,"16":5,"17":5,"18":5,"19":1,"20":4,"21":1,"22":3,"23":3,"24":3,"25":14,"26":3,"27":1,"28":2,"29":2,"30":2,"31":0,"32":0,"33":1,"34":1,"35":1},"f":{"0":3,"1":2,"2":5,"3":14},"b":{"0":[1,4],"1":[1,3],"2":[1,2]},"_coverageSchema":"1a1c01bbd47fc00a2c39e90264f33305004495a9","hash":"0fad36dc54c2fac05e7b32177092b39b788a103e","contentHash":"df031cf1c8df1900d80d665f18fae4d1f3dcfa067d064f327de55907ccd505bf"}}