{"C:\\Users\\ajxia\\OneDrive\\Desktop\\Documents\\DVOPS_Projects\\DVOPS_Project\\DevOps-Project\\utils\\ResourceUtil.js":{"path":"C:\\Users\\ajxia\\OneDrive\\Desktop\\Documents\\DVOPS_Projects\\DVOPS_Project\\DevOps-Project\\utils\\ResourceUtil.js","statementMap":{"0":{"start":{"line":1,"column":11},"end":{"line":1,"column":24}},"1":{"start":{"line":2,"column":15},"end":{"line":2,"column":30}},"2":{"start":{"line":6,"column":19},"end":{"line":6,"column":52}},"3":{"start":{"line":7,"column":15},"end":{"line":7,"column":29}},"4":{"start":{"line":8,"column":13},"end":{"line":8,"column":57}},"5":{"start":{"line":10,"column":28},"end":{"line":12,"column":3}},"6":{"start":{"line":11,"column":16},"end":{"line":11,"column":68}},"7":{"start":{"line":14,"column":30},"end":{"line":20,"column":4}},"8":{"start":{"line":15,"column":20},"end":{"line":15,"column":77}},"9":{"start":{"line":15,"column":44},"end":{"line":15,"column":76}},"10":{"start":{"line":16,"column":4},"end":{"line":19,"column":6}},"11":{"start":{"line":22,"column":2},"end":{"line":22,"column":32}},"12":{"start":{"line":27,"column":23},"end":{"line":27,"column":60}},"13":{"start":{"line":28,"column":20},"end":{"line":28,"column":35}},"14":{"start":{"line":30,"column":13},"end":{"line":30,"column":57}},"15":{"start":{"line":31,"column":15},"end":{"line":31,"column":73}},"16":{"start":{"line":31,"column":41},"end":{"line":31,"column":72}},"17":{"start":{"line":33,"column":2},"end":{"line":39,"column":3}},"18":{"start":{"line":34,"column":4},"end":{"line":34,"column":30}},"19":{"start":{"line":35,"column":4},"end":{"line":35,"column":58}},"20":{"start":{"line":36,"column":4},"end":{"line":36,"column":61}},"21":{"start":{"line":38,"column":4},"end":{"line":38,"column":69}},"22":{"start":{"line":42,"column":0},"end":{"line":42,"column":67}}},"fnMap":{"0":{"name":"getAttendanceByLesson","decl":{"start":{"line":5,"column":9},"end":{"line":5,"column":30}},"loc":{"start":{"line":5,"column":41},"end":{"line":23,"column":1}},"line":5},"1":{"name":"(anonymous_1)","decl":{"start":{"line":11,"column":4},"end":{"line":11,"column":5}},"loc":{"start":{"line":11,"column":16},"end":{"line":11,"column":68}},"line":11},"2":{"name":"(anonymous_2)","decl":{"start":{"line":14,"column":52},"end":{"line":14,"column":53}},"loc":{"start":{"line":14,"column":64},"end":{"line":20,"column":3}},"line":14},"3":{"name":"(anonymous_3)","decl":{"start":{"line":15,"column":37},"end":{"line":15,"column":38}},"loc":{"start":{"line":15,"column":44},"end":{"line":15,"column":76}},"line":15},"4":{"name":"updateAttendanceStatus","decl":{"start":{"line":26,"column":9},"end":{"line":26,"column":31}},"loc":{"start":{"line":26,"column":42},"end":{"line":40,"column":1}},"line":26},"5":{"name":"(anonymous_5)","decl":{"start":{"line":31,"column":34},"end":{"line":31,"column":35}},"loc":{"start":{"line":31,"column":41},"end":{"line":31,"column":72}},"line":31}},"branchMap":{"0":{"loc":{"start":{"line":11,"column":16},"end":{"line":11,"column":68}},"type":"binary-expr","locations":[{"start":{"line":11,"column":16},"end":{"line":11,"column":44}},{"start":{"line":11,"column":48},"end":{"line":11,"column":68}}],"line":11},"1":{"loc":{"start":{"line":18,"column":12},"end":{"line":18,"column":46}},"type":"cond-expr","locations":[{"start":{"line":18,"column":22},"end":{"line":18,"column":34}},{"start":{"line":18,"column":37},"end":{"line":18,"column":46}}],"line":18},"2":{"loc":{"start":{"line":33,"column":2},"end":{"line":39,"column":3}},"type":"if","locations":[{"start":{"line":33,"column":2},"end":{"line":39,"column":3}},{"start":{"line":37,"column":9},"end":{"line":39,"column":3}}],"line":33}},"s":{"0":1,"1":1,"2":0,"3":0,"4":0,"5":0,"6":0,"7":0,"8":0,"9":0,"10":0,"11":0,"12":0,"13":0,"14":0,"15":0,"16":0,"17":0,"18":0,"19":0,"20":0,"21":0,"22":1},"f":{"0":0,"1":0,"2":0,"3":0,"4":0,"5":0},"b":{"0":[0,0],"1":[0,0],"2":[0,0]},"_coverageSchema":"1a1c01bbd47fc00a2c39e90264f33305004495a9","hash":"c9c7bda80eec9166f5824438021445f85d5b7ce9","contentHash":"08f47b63ffc0dacb0d9444c1b8881183a86a6b7aa1c35a332024814888adc4b9"}}