{"C:\\Users\\ajxia\\OneDrive\\Desktop\\Documents\\DVOPS_Projects\\DVOPS_Project\\DevOps-Project\\utils\\ResourceUtil.js":{"path":"C:\\Users\\ajxia\\OneDrive\\Desktop\\Documents\\DVOPS_Projects\\DVOPS_Project\\DevOps-Project\\utils\\ResourceUtil.js","statementMap":{"0":{"start":{"line":1,"column":11},"end":{"line":1,"column":24}},"1":{"start":{"line":2,"column":13},"end":{"line":2,"column":28}},"2":{"start":{"line":4,"column":15},"end":{"line":4,"column":46}},"3":{"start":{"line":6,"column":30},"end":{"line":28,"column":1}},"4":{"start":{"line":7,"column":19},"end":{"line":7,"column":52}},"5":{"start":{"line":8,"column":15},"end":{"line":8,"column":29}},"6":{"start":{"line":10,"column":2},"end":{"line":27,"column":3}},"7":{"start":{"line":11,"column":15},"end":{"line":11,"column":59}},"8":{"start":{"line":12,"column":30},"end":{"line":14,"column":5}},"9":{"start":{"line":13,"column":18},"end":{"line":13,"column":70}},"10":{"start":{"line":16,"column":32},"end":{"line":22,"column":6}},"11":{"start":{"line":17,"column":22},"end":{"line":17,"column":79}},"12":{"start":{"line":17,"column":46},"end":{"line":17,"column":78}},"13":{"start":{"line":18,"column":6},"end":{"line":21,"column":8}},"14":{"start":{"line":24,"column":4},"end":{"line":24,"column":46}},"15":{"start":{"line":26,"column":4},"end":{"line":26,"column":70}},"16":{"start":{"line":34,"column":2},"end":{"line":70,"column":3}},"17":{"start":{"line":35,"column":25},"end":{"line":35,"column":62}},"18":{"start":{"line":36,"column":22},"end":{"line":36,"column":37}},"19":{"start":{"line":38,"column":4},"end":{"line":40,"column":5}},"20":{"start":{"line":39,"column":6},"end":{"line":39,"column":67}},"21":{"start":{"line":42,"column":15},"end":{"line":42,"column":37}},"22":{"start":{"line":43,"column":19},"end":{"line":43,"column":24}},"23":{"start":{"line":45,"column":4},"end":{"line":53,"column":5}},"24":{"start":{"line":45,"column":17},"end":{"line":45,"column":18}},"25":{"start":{"line":46,"column":28},"end":{"line":46,"column":44}},"26":{"start":{"line":47,"column":6},"end":{"line":52,"column":7}},"27":{"start":{"line":49,"column":8},"end":{"line":49,"column":44}},"28":{"start":{"line":50,"column":8},"end":{"line":50,"column":24}},"29":{"start":{"line":51,"column":8},"end":{"line":51,"column":14}},"30":{"start":{"line":55,"column":4},"end":{"line":66,"column":5}},"31":{"start":{"line":56,"column":6},"end":{"line":56,"column":70}},"32":{"start":{"line":57,"column":6},"end":{"line":62,"column":9}},"33":{"start":{"line":60,"column":22},"end":{"line":60,"column":58}},"34":{"start":{"line":65,"column":6},"end":{"line":65,"column":76}},"35":{"start":{"line":69,"column":4},"end":{"line":69,"column":56}},"36":{"start":{"line":73,"column":0},"end":{"line":73,"column":67}}},"fnMap":{"0":{"name":"(anonymous_0)","decl":{"start":{"line":6,"column":30},"end":{"line":6,"column":31}},"loc":{"start":{"line":6,"column":44},"end":{"line":28,"column":1}},"line":6},"1":{"name":"(anonymous_1)","decl":{"start":{"line":13,"column":6},"end":{"line":13,"column":7}},"loc":{"start":{"line":13,"column":18},"end":{"line":13,"column":70}},"line":13},"2":{"name":"(anonymous_2)","decl":{"start":{"line":16,"column":54},"end":{"line":16,"column":55}},"loc":{"start":{"line":16,"column":66},"end":{"line":22,"column":5}},"line":16},"3":{"name":"(anonymous_3)","decl":{"start":{"line":17,"column":39},"end":{"line":17,"column":40}},"loc":{"start":{"line":17,"column":46},"end":{"line":17,"column":78}},"line":17},"4":{"name":"updateAttendanceStatus","decl":{"start":{"line":33,"column":15},"end":{"line":33,"column":37}},"loc":{"start":{"line":33,"column":48},"end":{"line":71,"column":1}},"line":33},"5":{"name":"(anonymous_5)","decl":{"start":{"line":60,"column":10},"end":{"line":60,"column":11}},"loc":{"start":{"line":60,"column":22},"end":{"line":60,"column":58}},"line":60}},"branchMap":{"0":{"loc":{"start":{"line":13,"column":18},"end":{"line":13,"column":70}},"type":"binary-expr","locations":[{"start":{"line":13,"column":18},"end":{"line":13,"column":46}},{"start":{"line":13,"column":50},"end":{"line":13,"column":70}}],"line":13},"1":{"loc":{"start":{"line":20,"column":14},"end":{"line":20,"column":48}},"type":"cond-expr","locations":[{"start":{"line":20,"column":24},"end":{"line":20,"column":36}},{"start":{"line":20,"column":39},"end":{"line":20,"column":48}}],"line":20},"2":{"loc":{"start":{"line":38,"column":4},"end":{"line":40,"column":5}},"type":"if","locations":[{"start":{"line":38,"column":4},"end":{"line":40,"column":5}},{"start":{},"end":{}}],"line":38},"3":{"loc":{"start":{"line":47,"column":6},"end":{"line":52,"column":7}},"type":"if","locations":[{"start":{"line":47,"column":6},"end":{"line":52,"column":7}},{"start":{},"end":{}}],"line":47},"4":{"loc":{"start":{"line":55,"column":4},"end":{"line":66,"column":5}},"type":"if","locations":[{"start":{"line":55,"column":4},"end":{"line":66,"column":5}},{"start":{"line":63,"column":11},"end":{"line":66,"column":5}}],"line":55}},"s":{"0":1,"1":1,"2":1,"3":1,"4":0,"5":0,"6":0,"7":0,"8":0,"9":0,"10":0,"11":0,"12":0,"13":0,"14":0,"15":0,"16":0,"17":0,"18":0,"19":0,"20":0,"21":0,"22":0,"23":0,"24":0,"25":0,"26":0,"27":0,"28":0,"29":0,"30":0,"31":0,"32":0,"33":0,"34":0,"35":0,"36":1},"f":{"0":0,"1":0,"2":0,"3":0,"4":0,"5":0},"b":{"0":[0,0],"1":[0,0],"2":[0,0],"3":[0,0],"4":[0,0]},"_coverageSchema":"1a1c01bbd47fc00a2c39e90264f33305004495a9","hash":"7afb74d94de1efc80b5beceae04e352171e32a93","contentHash":"bc86aea87a9c86fe9f39e10fd7c6b325c098fc932285a34ca4e09ae08b3fe2df"}}