{"C:\\Users\\ajxia\\OneDrive\\Desktop\\Documents\\DVOPS_Projects\\DVOPS_Project\\DevOps-Project\\utils\\ResourceUtil.js":{"path":"C:\\Users\\ajxia\\OneDrive\\Desktop\\Documents\\DVOPS_Projects\\DVOPS_Project\\DevOps-Project\\utils\\ResourceUtil.js","statementMap":{"0":{"start":{"line":1,"column":11},"end":{"line":1,"column":24}},"1":{"start":{"line":2,"column":13},"end":{"line":2,"column":28}},"2":{"start":{"line":3,"column":15},"end":{"line":3,"column":46}},"3":{"start":{"line":6,"column":2},"end":{"line":11,"column":3}},"4":{"start":{"line":7,"column":17},"end":{"line":7,"column":52}},"5":{"start":{"line":8,"column":4},"end":{"line":8,"column":28}},"6":{"start":{"line":10,"column":4},"end":{"line":10,"column":55}},"7":{"start":{"line":14,"column":30},"end":{"line":36,"column":1}},"8":{"start":{"line":15,"column":19},"end":{"line":15,"column":52}},"9":{"start":{"line":16,"column":15},"end":{"line":16,"column":29}},"10":{"start":{"line":18,"column":2},"end":{"line":35,"column":3}},"11":{"start":{"line":19,"column":15},"end":{"line":19,"column":59}},"12":{"start":{"line":20,"column":30},"end":{"line":22,"column":5}},"13":{"start":{"line":21,"column":18},"end":{"line":21,"column":70}},"14":{"start":{"line":24,"column":32},"end":{"line":30,"column":6}},"15":{"start":{"line":25,"column":22},"end":{"line":25,"column":79}},"16":{"start":{"line":25,"column":46},"end":{"line":25,"column":78}},"17":{"start":{"line":26,"column":6},"end":{"line":29,"column":8}},"18":{"start":{"line":32,"column":4},"end":{"line":32,"column":46}},"19":{"start":{"line":34,"column":4},"end":{"line":34,"column":70}},"20":{"start":{"line":42,"column":2},"end":{"line":78,"column":3}},"21":{"start":{"line":43,"column":25},"end":{"line":43,"column":62}},"22":{"start":{"line":44,"column":22},"end":{"line":44,"column":37}},"23":{"start":{"line":46,"column":4},"end":{"line":48,"column":5}},"24":{"start":{"line":47,"column":6},"end":{"line":47,"column":67}},"25":{"start":{"line":50,"column":15},"end":{"line":50,"column":37}},"26":{"start":{"line":51,"column":19},"end":{"line":51,"column":24}},"27":{"start":{"line":53,"column":4},"end":{"line":61,"column":5}},"28":{"start":{"line":53,"column":17},"end":{"line":53,"column":18}},"29":{"start":{"line":54,"column":28},"end":{"line":54,"column":44}},"30":{"start":{"line":55,"column":6},"end":{"line":60,"column":7}},"31":{"start":{"line":57,"column":8},"end":{"line":57,"column":44}},"32":{"start":{"line":58,"column":8},"end":{"line":58,"column":24}},"33":{"start":{"line":59,"column":8},"end":{"line":59,"column":14}},"34":{"start":{"line":63,"column":4},"end":{"line":74,"column":5}},"35":{"start":{"line":64,"column":6},"end":{"line":64,"column":70}},"36":{"start":{"line":65,"column":6},"end":{"line":70,"column":9}},"37":{"start":{"line":68,"column":22},"end":{"line":68,"column":58}},"38":{"start":{"line":73,"column":6},"end":{"line":73,"column":76}},"39":{"start":{"line":77,"column":4},"end":{"line":77,"column":56}},"40":{"start":{"line":81,"column":0},"end":{"line":81,"column":67}}},"fnMap":{"0":{"name":"readJSON","decl":{"start":{"line":5,"column":15},"end":{"line":5,"column":23}},"loc":{"start":{"line":5,"column":34},"end":{"line":12,"column":1}},"line":5},"1":{"name":"(anonymous_1)","decl":{"start":{"line":14,"column":30},"end":{"line":14,"column":31}},"loc":{"start":{"line":14,"column":44},"end":{"line":36,"column":1}},"line":14},"2":{"name":"(anonymous_2)","decl":{"start":{"line":21,"column":6},"end":{"line":21,"column":7}},"loc":{"start":{"line":21,"column":18},"end":{"line":21,"column":70}},"line":21},"3":{"name":"(anonymous_3)","decl":{"start":{"line":24,"column":54},"end":{"line":24,"column":55}},"loc":{"start":{"line":24,"column":66},"end":{"line":30,"column":5}},"line":24},"4":{"name":"(anonymous_4)","decl":{"start":{"line":25,"column":39},"end":{"line":25,"column":40}},"loc":{"start":{"line":25,"column":46},"end":{"line":25,"column":78}},"line":25},"5":{"name":"updateAttendanceStatus","decl":{"start":{"line":41,"column":15},"end":{"line":41,"column":37}},"loc":{"start":{"line":41,"column":48},"end":{"line":79,"column":1}},"line":41},"6":{"name":"(anonymous_6)","decl":{"start":{"line":68,"column":10},"end":{"line":68,"column":11}},"loc":{"start":{"line":68,"column":22},"end":{"line":68,"column":58}},"line":68}},"branchMap":{"0":{"loc":{"start":{"line":21,"column":18},"end":{"line":21,"column":70}},"type":"binary-expr","locations":[{"start":{"line":21,"column":18},"end":{"line":21,"column":46}},{"start":{"line":21,"column":50},"end":{"line":21,"column":70}}],"line":21},"1":{"loc":{"start":{"line":28,"column":14},"end":{"line":28,"column":48}},"type":"cond-expr","locations":[{"start":{"line":28,"column":24},"end":{"line":28,"column":36}},{"start":{"line":28,"column":39},"end":{"line":28,"column":48}}],"line":28},"2":{"loc":{"start":{"line":46,"column":4},"end":{"line":48,"column":5}},"type":"if","locations":[{"start":{"line":46,"column":4},"end":{"line":48,"column":5}},{"start":{},"end":{}}],"line":46},"3":{"loc":{"start":{"line":55,"column":6},"end":{"line":60,"column":7}},"type":"if","locations":[{"start":{"line":55,"column":6},"end":{"line":60,"column":7}},{"start":{},"end":{}}],"line":55},"4":{"loc":{"start":{"line":63,"column":4},"end":{"line":74,"column":5}},"type":"if","locations":[{"start":{"line":63,"column":4},"end":{"line":74,"column":5}},{"start":{"line":71,"column":11},"end":{"line":74,"column":5}}],"line":63}},"s":{"0":1,"1":1,"2":1,"3":0,"4":0,"5":0,"6":0,"7":1,"8":0,"9":0,"10":0,"11":0,"12":0,"13":0,"14":0,"15":0,"16":0,"17":0,"18":0,"19":0,"20":0,"21":0,"22":0,"23":0,"24":0,"25":0,"26":0,"27":0,"28":0,"29":0,"30":0,"31":0,"32":0,"33":0,"34":0,"35":0,"36":0,"37":0,"38":0,"39":0,"40":1},"f":{"0":0,"1":0,"2":0,"3":0,"4":0,"5":0,"6":0},"b":{"0":[0,0],"1":[0,0],"2":[0,0],"3":[0,0],"4":[0,0]},"_coverageSchema":"1a1c01bbd47fc00a2c39e90264f33305004495a9","hash":"4612876c9e7498321ef311e8a2ac92724fa2a0d4","contentHash":"39203fdec951ae1adeb83cc807e592430efd1b40f5fab9ec405ca1e6b0cd80da"}}