{"C:\\Users\\ajxia\\OneDrive\\Desktop\\Documents\\DVOPS_Projects\\DVOPS_Project\\DevOps-Project\\index.js":{"path":"C:\\Users\\ajxia\\OneDrive\\Desktop\\Documents\\DVOPS_Projects\\DVOPS_Project\\DevOps-Project\\index.js","statementMap":{"0":{"start":{"line":1,"column":16},"end":{"line":1,"column":34}},"1":{"start":{"line":2,"column":19},"end":{"line":2,"column":41}},"2":{"start":{"line":3,"column":11},"end":{"line":3,"column":24}},"3":{"start":{"line":4,"column":13},"end":{"line":4,"column":28}},"4":{"start":{"line":5,"column":13},"end":{"line":5,"column":28}},"5":{"start":{"line":7,"column":12},"end":{"line":7,"column":21}},"6":{"start":{"line":8,"column":13},"end":{"line":8,"column":37}},"7":{"start":{"line":9,"column":15},"end":{"line":9,"column":52}},"8":{"start":{"line":12,"column":0},"end":{"line":12,"column":16}},"9":{"start":{"line":13,"column":0},"end":{"line":13,"column":51}},"10":{"start":{"line":14,"column":0},"end":{"line":14,"column":27}},"11":{"start":{"line":15,"column":0},"end":{"line":15,"column":34}},"12":{"start":{"line":20,"column":4},"end":{"line":20,"column":35}},"13":{"start":{"line":21,"column":0},"end":{"line":21,"column":72}},"14":{"start":{"line":22,"column":0},"end":{"line":22,"column":66}},"15":{"start":{"line":25,"column":23},"end":{"line":25,"column":49}},"16":{"start":{"line":26,"column":0},"end":{"line":26,"column":34}},"17":{"start":{"line":29,"column":0},"end":{"line":31,"column":3}},"18":{"start":{"line":30,"column":2},"end":{"line":30,"column":58}},"19":{"start":{"line":34,"column":0},"end":{"line":36,"column":3}},"20":{"start":{"line":35,"column":2},"end":{"line":35,"column":23}},"21":{"start":{"line":39,"column":27},"end":{"line":39,"column":58}},"22":{"start":{"line":40,"column":0},"end":{"line":40,"column":33}},"23":{"start":{"line":43,"column":0},"end":{"line":45,"column":3}},"24":{"start":{"line":44,"column":2},"end":{"line":44,"column":61}},"25":{"start":{"line":48,"column":0},"end":{"line":68,"column":3}},"26":{"start":{"line":49,"column":19},"end":{"line":49,"column":52}},"27":{"start":{"line":50,"column":15},"end":{"line":50,"column":29}},"28":{"start":{"line":51,"column":13},"end":{"line":51,"column":57}},"29":{"start":{"line":54,"column":28},"end":{"line":56,"column":3}},"30":{"start":{"line":55,"column":16},"end":{"line":55,"column":68}},"31":{"start":{"line":59,"column":30},"end":{"line":65,"column":4}},"32":{"start":{"line":60,"column":20},"end":{"line":60,"column":77}},"33":{"start":{"line":60,"column":44},"end":{"line":60,"column":76}},"34":{"start":{"line":61,"column":4},"end":{"line":64,"column":6}},"35":{"start":{"line":67,"column":2},"end":{"line":67,"column":32}},"36":{"start":{"line":71,"column":0},"end":{"line":97,"column":3}},"37":{"start":{"line":72,"column":23},"end":{"line":72,"column":60}},"38":{"start":{"line":73,"column":20},"end":{"line":73,"column":35}},"39":{"start":{"line":75,"column":2},"end":{"line":96,"column":3}},"40":{"start":{"line":76,"column":15},"end":{"line":76,"column":59}},"41":{"start":{"line":77,"column":29},"end":{"line":79,"column":5}},"42":{"start":{"line":78,"column":18},"end":{"line":78,"column":54}},"43":{"start":{"line":81,"column":4},"end":{"line":93,"column":5}},"44":{"start":{"line":83,"column":6},"end":{"line":83,"column":42}},"45":{"start":{"line":84,"column":6},"end":{"line":84,"column":69}},"46":{"start":{"line":87,"column":6},"end":{"line":90,"column":9}},"47":{"start":{"line":92,"column":6},"end":{"line":92,"column":76}},"48":{"start":{"line":95,"column":4},"end":{"line":95,"column":79}},"49":{"start":{"line":99,"column":0},"end":{"line":105,"column":3}},"50":{"start":{"line":100,"column":18},"end":{"line":100,"column":34}},"51":{"start":{"line":101,"column":18},"end":{"line":103,"column":20}},"52":{"start":{"line":104,"column":2},"end":{"line":104,"column":47}},"53":{"start":{"line":107,"column":0},"end":{"line":107,"column":33}}},"fnMap":{"0":{"name":"(anonymous_0)","decl":{"start":{"line":29,"column":27},"end":{"line":29,"column":28}},"loc":{"start":{"line":29,"column":41},"end":{"line":31,"column":1}},"line":29},"1":{"name":"(anonymous_1)","decl":{"start":{"line":34,"column":25},"end":{"line":34,"column":26}},"loc":{"start":{"line":34,"column":39},"end":{"line":36,"column":1}},"line":34},"2":{"name":"(anonymous_2)","decl":{"start":{"line":43,"column":13},"end":{"line":43,"column":14}},"loc":{"start":{"line":43,"column":27},"end":{"line":45,"column":1}},"line":43},"3":{"name":"(anonymous_3)","decl":{"start":{"line":48,"column":42},"end":{"line":48,"column":43}},"loc":{"start":{"line":48,"column":56},"end":{"line":68,"column":1}},"line":48},"4":{"name":"(anonymous_4)","decl":{"start":{"line":55,"column":4},"end":{"line":55,"column":5}},"loc":{"start":{"line":55,"column":16},"end":{"line":55,"column":68}},"line":55},"5":{"name":"(anonymous_5)","decl":{"start":{"line":59,"column":52},"end":{"line":59,"column":53}},"loc":{"start":{"line":59,"column":64},"end":{"line":65,"column":3}},"line":59},"6":{"name":"(anonymous_6)","decl":{"start":{"line":60,"column":37},"end":{"line":60,"column":38}},"loc":{"start":{"line":60,"column":44},"end":{"line":60,"column":76}},"line":60},"7":{"name":"(anonymous_7)","decl":{"start":{"line":71,"column":46},"end":{"line":71,"column":47}},"loc":{"start":{"line":71,"column":60},"end":{"line":97,"column":1}},"line":71},"8":{"name":"(anonymous_8)","decl":{"start":{"line":78,"column":6},"end":{"line":78,"column":7}},"loc":{"start":{"line":78,"column":18},"end":{"line":78,"column":54}},"line":78},"9":{"name":"(anonymous_9)","decl":{"start":{"line":99,"column":26},"end":{"line":99,"column":27}},"loc":{"start":{"line":99,"column":38},"end":{"line":105,"column":1}},"line":99}},"branchMap":{"0":{"loc":{"start":{"line":8,"column":13},"end":{"line":8,"column":37}},"type":"binary-expr","locations":[{"start":{"line":8,"column":13},"end":{"line":8,"column":29}},{"start":{"line":8,"column":33},"end":{"line":8,"column":37}}],"line":8},"1":{"loc":{"start":{"line":55,"column":16},"end":{"line":55,"column":68}},"type":"binary-expr","locations":[{"start":{"line":55,"column":16},"end":{"line":55,"column":44}},{"start":{"line":55,"column":48},"end":{"line":55,"column":68}}],"line":55},"2":{"loc":{"start":{"line":63,"column":12},"end":{"line":63,"column":46}},"type":"cond-expr","locations":[{"start":{"line":63,"column":22},"end":{"line":63,"column":34}},{"start":{"line":63,"column":37},"end":{"line":63,"column":46}}],"line":63},"3":{"loc":{"start":{"line":81,"column":4},"end":{"line":93,"column":5}},"type":"if","locations":[{"start":{"line":81,"column":4},"end":{"line":93,"column":5}},{"start":{"line":91,"column":11},"end":{"line":93,"column":5}}],"line":81},"4":{"loc":{"start":{"line":102,"column":4},"end":{"line":102,"column":59}},"type":"cond-expr","locations":[{"start":{"line":102,"column":30},"end":{"line":102,"column":41}},{"start":{"line":102,"column":44},"end":{"line":102,"column":59}}],"line":102}},"s":{"0":1,"1":1,"2":1,"3":1,"4":1,"5":1,"6":1,"7":1,"8":1,"9":1,"10":1,"11":1,"12":1,"13":1,"14":1,"15":1,"16":1,"17":1,"18":0,"19":1,"20":0,"21":1,"22":1,"23":1,"24":0,"25":1,"26":1,"27":1,"28":1,"29":1,"30":12,"31":1,"32":4,"33":10,"34":4,"35":1,"36":1,"37":1,"38":1,"39":1,"40":1,"41":1,"42":1,"43":1,"44":1,"45":1,"46":1,"47":0,"48":0,"49":1,"50":1,"51":1,"52":1,"53":1},"f":{"0":0,"1":0,"2":0,"3":1,"4":12,"5":4,"6":10,"7":1,"8":1,"9":1},"b":{"0":[1,1],"1":[12,4],"2":[4,0],"3":[1,0],"4":[1,0]},"_coverageSchema":"1a1c01bbd47fc00a2c39e90264f33305004495a9","hash":"b005bbfd6fe19fba4af2390a5ecdf85e10f26ff8","contentHash":"90cb86b4e9033b8174c5a40174bca6ce26a1e8eff993c1e6e354bd994a5acc24"},"C:\\Users\\ajxia\\OneDrive\\Desktop\\Documents\\DVOPS_Projects\\DVOPS_Project\\DevOps-Project\\utils\\ResourceUtil.js":{"path":"C:\\Users\\ajxia\\OneDrive\\Desktop\\Documents\\DVOPS_Projects\\DVOPS_Project\\DevOps-Project\\utils\\ResourceUtil.js","statementMap":{"0":{"start":{"line":1,"column":11},"end":{"line":1,"column":24}},"1":{"start":{"line":2,"column":13},"end":{"line":2,"column":28}},"2":{"start":{"line":4,"column":15},"end":{"line":4,"column":46}},"3":{"start":{"line":6,"column":30},"end":{"line":28,"column":1}},"4":{"start":{"line":7,"column":19},"end":{"line":7,"column":52}},"5":{"start":{"line":8,"column":15},"end":{"line":8,"column":29}},"6":{"start":{"line":10,"column":2},"end":{"line":27,"column":3}},"7":{"start":{"line":11,"column":15},"end":{"line":11,"column":59}},"8":{"start":{"line":12,"column":30},"end":{"line":14,"column":5}},"9":{"start":{"line":13,"column":18},"end":{"line":13,"column":70}},"10":{"start":{"line":16,"column":32},"end":{"line":22,"column":6}},"11":{"start":{"line":17,"column":22},"end":{"line":17,"column":79}},"12":{"start":{"line":17,"column":46},"end":{"line":17,"column":78}},"13":{"start":{"line":18,"column":6},"end":{"line":21,"column":8}},"14":{"start":{"line":24,"column":4},"end":{"line":24,"column":46}},"15":{"start":{"line":26,"column":4},"end":{"line":26,"column":70}},"16":{"start":{"line":31,"column":31},"end":{"line":60,"column":1}},"17":{"start":{"line":32,"column":23},"end":{"line":32,"column":60}},"18":{"start":{"line":33,"column":20},"end":{"line":33,"column":35}},"19":{"start":{"line":35,"column":2},"end":{"line":37,"column":3}},"20":{"start":{"line":36,"column":4},"end":{"line":36,"column":65}},"21":{"start":{"line":39,"column":2},"end":{"line":59,"column":3}},"22":{"start":{"line":40,"column":15},"end":{"line":40,"column":59}},"23":{"start":{"line":41,"column":29},"end":{"line":43,"column":5}},"24":{"start":{"line":42,"column":18},"end":{"line":42,"column":54}},"25":{"start":{"line":45,"column":4},"end":{"line":56,"column":5}},"26":{"start":{"line":46,"column":6},"end":{"line":46,"column":42}},"27":{"start":{"line":48,"column":6},"end":{"line":48,"column":69}},"28":{"start":{"line":50,"column":6},"end":{"line":53,"column":9}},"29":{"start":{"line":55,"column":6},"end":{"line":55,"column":76}},"30":{"start":{"line":58,"column":4},"end":{"line":58,"column":79}},"31":{"start":{"line":62,"column":0},"end":{"line":62,"column":67}}},"fnMap":{"0":{"name":"(anonymous_0)","decl":{"start":{"line":6,"column":30},"end":{"line":6,"column":31}},"loc":{"start":{"line":6,"column":44},"end":{"line":28,"column":1}},"line":6},"1":{"name":"(anonymous_1)","decl":{"start":{"line":13,"column":6},"end":{"line":13,"column":7}},"loc":{"start":{"line":13,"column":18},"end":{"line":13,"column":70}},"line":13},"2":{"name":"(anonymous_2)","decl":{"start":{"line":16,"column":54},"end":{"line":16,"column":55}},"loc":{"start":{"line":16,"column":66},"end":{"line":22,"column":5}},"line":16},"3":{"name":"(anonymous_3)","decl":{"start":{"line":17,"column":39},"end":{"line":17,"column":40}},"loc":{"start":{"line":17,"column":46},"end":{"line":17,"column":78}},"line":17},"4":{"name":"(anonymous_4)","decl":{"start":{"line":31,"column":31},"end":{"line":31,"column":32}},"loc":{"start":{"line":31,"column":45},"end":{"line":60,"column":1}},"line":31},"5":{"name":"(anonymous_5)","decl":{"start":{"line":42,"column":6},"end":{"line":42,"column":7}},"loc":{"start":{"line":42,"column":18},"end":{"line":42,"column":54}},"line":42}},"branchMap":{"0":{"loc":{"start":{"line":13,"column":18},"end":{"line":13,"column":70}},"type":"binary-expr","locations":[{"start":{"line":13,"column":18},"end":{"line":13,"column":46}},{"start":{"line":13,"column":50},"end":{"line":13,"column":70}}],"line":13},"1":{"loc":{"start":{"line":20,"column":14},"end":{"line":20,"column":48}},"type":"cond-expr","locations":[{"start":{"line":20,"column":24},"end":{"line":20,"column":36}},{"start":{"line":20,"column":39},"end":{"line":20,"column":48}}],"line":20},"2":{"loc":{"start":{"line":35,"column":2},"end":{"line":37,"column":3}},"type":"if","locations":[{"start":{"line":35,"column":2},"end":{"line":37,"column":3}},{"start":{},"end":{}}],"line":35},"3":{"loc":{"start":{"line":45,"column":4},"end":{"line":56,"column":5}},"type":"if","locations":[{"start":{"line":45,"column":4},"end":{"line":56,"column":5}},{"start":{"line":54,"column":11},"end":{"line":56,"column":5}}],"line":45}},"s":{"0":1,"1":1,"2":1,"3":1,"4":0,"5":0,"6":0,"7":0,"8":0,"9":0,"10":0,"11":0,"12":0,"13":0,"14":0,"15":0,"16":1,"17":0,"18":0,"19":0,"20":0,"21":0,"22":0,"23":0,"24":0,"25":0,"26":0,"27":0,"28":0,"29":0,"30":0,"31":1},"f":{"0":0,"1":0,"2":0,"3":0,"4":0,"5":0},"b":{"0":[0,0],"1":[0,0],"2":[0,0],"3":[0,0]},"_coverageSchema":"1a1c01bbd47fc00a2c39e90264f33305004495a9","hash":"9aefc40e3982c6a6d54dad5e9ed4e33f2bbb8a99","contentHash":"b25048afdbadcb7a0357aa758291c217ebea6797c91b7fe0ca888aa8e7cc4702"},"C:\\Users\\ajxia\\OneDrive\\Desktop\\Documents\\DVOPS_Projects\\DVOPS_Project\\DevOps-Project\\util\\leaveapp.js":{"path":"C:\\Users\\ajxia\\OneDrive\\Desktop\\Documents\\DVOPS_Projects\\DVOPS_Project\\DevOps-Project\\util\\leaveapp.js","statementMap":{"0":{"start":{"line":1,"column":16},"end":{"line":1,"column":34}},"1":{"start":{"line":2,"column":11},"end":{"line":2,"column":24}},"2":{"start":{"line":3,"column":13},"end":{"line":3,"column":28}},"3":{"start":{"line":6,"column":15},"end":{"line":6,"column":31}},"4":{"start":{"line":9,"column":17},"end":{"line":9,"column":62}},"5":{"start":{"line":13,"column":0},"end":{"line":20,"column":1}},"6":{"start":{"line":14,"column":21},"end":{"line":14,"column":54}},"7":{"start":{"line":15,"column":4},"end":{"line":15,"column":32}},"8":{"start":{"line":16,"column":4},"end":{"line":16,"column":38}},"9":{"start":{"line":18,"column":4},"end":{"line":18,"column":51}},"10":{"start":{"line":19,"column":4},"end":{"line":19,"column":96}},"11":{"start":{"line":23,"column":24},"end":{"line":23,"column":52}},"12":{"start":{"line":26,"column":0},"end":{"line":36,"column":3}},"13":{"start":{"line":28,"column":4},"end":{"line":35,"column":7}},"14":{"start":{"line":29,"column":8},"end":{"line":34,"column":9}},"15":{"start":{"line":30,"column":12},"end":{"line":30,"column":59}},"16":{"start":{"line":31,"column":12},"end":{"line":31,"column":60}},"17":{"start":{"line":33,"column":12},"end":{"line":33,"column":39}},"18":{"start":{"line":39,"column":0},"end":{"line":59,"column":3}},"19":{"start":{"line":40,"column":54},"end":{"line":40,"column":62}},"20":{"start":{"line":43,"column":26},"end":{"line":43,"column":98}},"21":{"start":{"line":43,"column":56},"end":{"line":43,"column":97}},"22":{"start":{"line":44,"column":24},"end":{"line":44,"column":83}},"23":{"start":{"line":44,"column":49},"end":{"line":44,"column":82}},"24":{"start":{"line":46,"column":4},"end":{"line":48,"column":5}},"25":{"start":{"line":47,"column":8},"end":{"line":47,"column":81}},"26":{"start":{"line":50,"column":26},"end":{"line":50,"column":54}},"27":{"start":{"line":51,"column":27},"end":{"line":51,"column":102}},"28":{"start":{"line":52,"column":4},"end":{"line":52,"column":43}},"29":{"start":{"line":55,"column":4},"end":{"line":55,"column":47}},"30":{"start":{"line":56,"column":4},"end":{"line":56,"column":70}},"31":{"start":{"line":58,"column":4},"end":{"line":58,"column":71}},"32":{"start":{"line":62,"column":0},"end":{"line":64,"column":3}},"33":{"start":{"line":63,"column":4},"end":{"line":63,"column":32}},"34":{"start":{"line":67,"column":0},"end":{"line":82,"column":3}},"35":{"start":{"line":68,"column":38},"end":{"line":68,"column":46}},"36":{"start":{"line":69,"column":24},"end":{"line":69,"column":100}},"37":{"start":{"line":69,"column":54},"end":{"line":69,"column":99}},"38":{"start":{"line":71,"column":4},"end":{"line":81,"column":5}},"39":{"start":{"line":72,"column":8},"end":{"line":72,"column":36}},"40":{"start":{"line":75,"column":8},"end":{"line":75,"column":51}},"41":{"start":{"line":76,"column":8},"end":{"line":76,"column":74}},"42":{"start":{"line":78,"column":8},"end":{"line":78,"column":83}},"43":{"start":{"line":80,"column":8},"end":{"line":80,"column":68}},"44":{"start":{"line":84,"column":0},"end":{"line":84,"column":24}}},"fnMap":{"0":{"name":"(anonymous_0)","decl":{"start":{"line":26,"column":24},"end":{"line":26,"column":25}},"loc":{"start":{"line":26,"column":38},"end":{"line":36,"column":1}},"line":26},"1":{"name":"(anonymous_1)","decl":{"start":{"line":28,"column":34},"end":{"line":28,"column":35}},"loc":{"start":{"line":28,"column":49},"end":{"line":35,"column":5}},"line":28},"2":{"name":"(anonymous_2)","decl":{"start":{"line":39,"column":28},"end":{"line":39,"column":29}},"loc":{"start":{"line":39,"column":42},"end":{"line":59,"column":1}},"line":39},"3":{"name":"(anonymous_3)","decl":{"start":{"line":43,"column":45},"end":{"line":43,"column":46}},"loc":{"start":{"line":43,"column":56},"end":{"line":43,"column":97}},"line":43},"4":{"name":"(anonymous_4)","decl":{"start":{"line":44,"column":42},"end":{"line":44,"column":43}},"loc":{"start":{"line":44,"column":49},"end":{"line":44,"column":82}},"line":44},"5":{"name":"(anonymous_5)","decl":{"start":{"line":62,"column":38},"end":{"line":62,"column":39}},"loc":{"start":{"line":62,"column":52},"end":{"line":64,"column":1}},"line":62},"6":{"name":"(anonymous_6)","decl":{"start":{"line":67,"column":42},"end":{"line":67,"column":43}},"loc":{"start":{"line":67,"column":56},"end":{"line":82,"column":1}},"line":67},"7":{"name":"(anonymous_7)","decl":{"start":{"line":69,"column":47},"end":{"line":69,"column":48}},"loc":{"start":{"line":69,"column":54},"end":{"line":69,"column":99}},"line":69}},"branchMap":{"0":{"loc":{"start":{"line":23,"column":24},"end":{"line":23,"column":52}},"type":"binary-expr","locations":[{"start":{"line":23,"column":24},"end":{"line":23,"column":46}},{"start":{"line":23,"column":50},"end":{"line":23,"column":52}}],"line":23},"1":{"loc":{"start":{"line":29,"column":8},"end":{"line":34,"column":9}},"type":"if","locations":[{"start":{"line":29,"column":8},"end":{"line":34,"column":9}},{"start":{"line":32,"column":15},"end":{"line":34,"column":9}}],"line":29},"2":{"loc":{"start":{"line":46,"column":4},"end":{"line":48,"column":5}},"type":"if","locations":[{"start":{"line":46,"column":4},"end":{"line":48,"column":5}},{"start":{},"end":{}}],"line":46},"3":{"loc":{"start":{"line":46,"column":8},"end":{"line":46,"column":38}},"type":"binary-expr","locations":[{"start":{"line":46,"column":8},"end":{"line":46,"column":22}},{"start":{"line":46,"column":26},"end":{"line":46,"column":38}}],"line":46},"4":{"loc":{"start":{"line":71,"column":4},"end":{"line":81,"column":5}},"type":"if","locations":[{"start":{"line":71,"column":4},"end":{"line":81,"column":5}},{"start":{"line":79,"column":11},"end":{"line":81,"column":5}}],"line":71}},"s":{"0":1,"1":1,"2":1,"3":1,"4":1,"5":1,"6":1,"7":1,"8":1,"9":0,"10":0,"11":1,"12":1,"13":0,"14":0,"15":0,"16":0,"17":0,"18":1,"19":0,"20":0,"21":0,"22":0,"23":0,"24":0,"25":0,"26":0,"27":0,"28":0,"29":0,"30":0,"31":0,"32":1,"33":0,"34":1,"35":0,"36":0,"37":0,"38":0,"39":0,"40":0,"41":0,"42":0,"43":0,"44":1},"f":{"0":0,"1":0,"2":0,"3":0,"4":0,"5":0,"6":0,"7":0},"b":{"0":[1,0],"1":[0,0],"2":[0,0],"3":[0,0],"4":[0,0]},"_coverageSchema":"1a1c01bbd47fc00a2c39e90264f33305004495a9","hash":"4f50f6507a6f2b671435709b41023fa0e318a5bf","contentHash":"fb49b576e0938aed9f2da2238c5c7552ef8d7b522dd2a0e82b055dc8141c36ea"},"C:\\Users\\ajxia\\OneDrive\\Desktop\\Documents\\DVOPS_Projects\\DVOPS_Project\\DevOps-Project\\util\\createStudent.js":{"path":"C:\\Users\\ajxia\\OneDrive\\Desktop\\Documents\\DVOPS_Projects\\DVOPS_Project\\DevOps-Project\\util\\createStudent.js","statementMap":{"0":{"start":{"line":1,"column":16},"end":{"line":1,"column":34}},"1":{"start":{"line":2,"column":15},"end":{"line":2,"column":31}},"2":{"start":{"line":3,"column":11},"end":{"line":3,"column":24}},"3":{"start":{"line":4,"column":13},"end":{"line":4,"column":28}},"4":{"start":{"line":7,"column":15},"end":{"line":7,"column":54}},"5":{"start":{"line":11,"column":17},"end":{"line":11,"column":49}},"6":{"start":{"line":12,"column":4},"end":{"line":12,"column":28}},"7":{"start":{"line":17,"column":4},"end":{"line":17,"column":69}},"8":{"start":{"line":21,"column":0},"end":{"line":49,"column":3}},"9":{"start":{"line":22,"column":32},"end":{"line":22,"column":40}},"10":{"start":{"line":25,"column":4},"end":{"line":27,"column":5}},"11":{"start":{"line":26,"column":8},"end":{"line":26,"column":82}},"12":{"start":{"line":30,"column":15},"end":{"line":30,"column":29}},"13":{"start":{"line":33,"column":28},"end":{"line":33,"column":88}},"14":{"start":{"line":33,"column":56},"end":{"line":33,"column":87}},"15":{"start":{"line":34,"column":4},"end":{"line":36,"column":5}},"16":{"start":{"line":35,"column":8},"end":{"line":35,"column":76}},"17":{"start":{"line":39,"column":23},"end":{"line":39,"column":42}},"18":{"start":{"line":42,"column":4},"end":{"line":42,"column":33}},"19":{"start":{"line":45,"column":4},"end":{"line":45,"column":22}},"20":{"start":{"line":48,"column":4},"end":{"line":48,"column":91}},"21":{"start":{"line":51,"column":0},"end":{"line":51,"column":24}}},"fnMap":{"0":{"name":"readDatabase","decl":{"start":{"line":10,"column":9},"end":{"line":10,"column":21}},"loc":{"start":{"line":10,"column":24},"end":{"line":13,"column":1}},"line":10},"1":{"name":"writeDatabase","decl":{"start":{"line":16,"column":9},"end":{"line":16,"column":22}},"loc":{"start":{"line":16,"column":29},"end":{"line":18,"column":1}},"line":16},"2":{"name":"(anonymous_2)","decl":{"start":{"line":21,"column":25},"end":{"line":21,"column":26}},"loc":{"start":{"line":21,"column":39},"end":{"line":49,"column":1}},"line":21},"3":{"name":"(anonymous_3)","decl":{"start":{"line":33,"column":45},"end":{"line":33,"column":46}},"loc":{"start":{"line":33,"column":56},"end":{"line":33,"column":87}},"line":33}},"branchMap":{"0":{"loc":{"start":{"line":25,"column":4},"end":{"line":27,"column":5}},"type":"if","locations":[{"start":{"line":25,"column":4},"end":{"line":27,"column":5}},{"start":{},"end":{}}],"line":25},"1":{"loc":{"start":{"line":25,"column":8},"end":{"line":25,"column":27}},"type":"binary-expr","locations":[{"start":{"line":25,"column":8},"end":{"line":25,"column":18}},{"start":{"line":25,"column":22},"end":{"line":25,"column":27}}],"line":25},"2":{"loc":{"start":{"line":34,"column":4},"end":{"line":36,"column":5}},"type":"if","locations":[{"start":{"line":34,"column":4},"end":{"line":36,"column":5}},{"start":{},"end":{}}],"line":34}},"s":{"0":1,"1":1,"2":1,"3":1,"4":1,"5":0,"6":0,"7":0,"8":1,"9":0,"10":0,"11":0,"12":0,"13":0,"14":0,"15":0,"16":0,"17":0,"18":0,"19":0,"20":0,"21":1},"f":{"0":0,"1":0,"2":0,"3":0},"b":{"0":[0,0],"1":[0,0],"2":[0,0]},"_coverageSchema":"1a1c01bbd47fc00a2c39e90264f33305004495a9","hash":"cc0a3972ad96c7d606b13ce2575a7a4a5ce5baa9","contentHash":"127119ab034f687c01a47175ffd0e8d2c18076e40bd988f225022ec2ee363ef1"}}