{"C:\\Users\\ajxia\\OneDrive\\Desktop\\Documents\\DVOPS_Projects\\DVOPS_Project\\DevOps-Project\\utils\\ResourceUtil.js":{"path":"C:\\Users\\ajxia\\OneDrive\\Desktop\\Documents\\DVOPS_Projects\\DVOPS_Project\\DevOps-Project\\utils\\ResourceUtil.js","statementMap":{"0":{"start":{"line":1,"column":16},"end":{"line":1,"column":34}},"1":{"start":{"line":2,"column":11},"end":{"line":2,"column":33}},"2":{"start":{"line":3,"column":13},"end":{"line":3,"column":28}},"3":{"start":{"line":4,"column":15},"end":{"line":4,"column":31}},"4":{"start":{"line":7,"column":15},"end":{"line":7,"column":46}},"5":{"start":{"line":11,"column":2},"end":{"line":17,"column":3}},"6":{"start":{"line":12,"column":17},"end":{"line":12,"column":52}},"7":{"start":{"line":13,"column":4},"end":{"line":13,"column":28}},"8":{"start":{"line":15,"column":4},"end":{"line":15,"column":54}},"9":{"start":{"line":16,"column":4},"end":{"line":16,"column":14}},"10":{"start":{"line":22,"column":2},"end":{"line":27,"column":3}},"11":{"start":{"line":23,"column":4},"end":{"line":23,"column":74}},"12":{"start":{"line":25,"column":4},"end":{"line":25,"column":57}},"13":{"start":{"line":26,"column":4},"end":{"line":26,"column":14}},"14":{"start":{"line":31,"column":30},"end":{"line":53,"column":1}},"15":{"start":{"line":32,"column":19},"end":{"line":32,"column":52}},"16":{"start":{"line":33,"column":15},"end":{"line":33,"column":29}},"17":{"start":{"line":35,"column":2},"end":{"line":52,"column":3}},"18":{"start":{"line":36,"column":15},"end":{"line":36,"column":37}},"19":{"start":{"line":37,"column":30},"end":{"line":39,"column":5}},"20":{"start":{"line":38,"column":18},"end":{"line":38,"column":70}},"21":{"start":{"line":41,"column":32},"end":{"line":47,"column":6}},"22":{"start":{"line":42,"column":22},"end":{"line":42,"column":79}},"23":{"start":{"line":42,"column":46},"end":{"line":42,"column":78}},"24":{"start":{"line":43,"column":6},"end":{"line":46,"column":8}},"25":{"start":{"line":49,"column":4},"end":{"line":49,"column":46}},"26":{"start":{"line":51,"column":4},"end":{"line":51,"column":70}},"27":{"start":{"line":56,"column":31},"end":{"line":92,"column":1}},"28":{"start":{"line":57,"column":23},"end":{"line":57,"column":60}},"29":{"start":{"line":58,"column":20},"end":{"line":58,"column":35}},"30":{"start":{"line":61,"column":2},"end":{"line":63,"column":3}},"31":{"start":{"line":62,"column":4},"end":{"line":62,"column":67}},"32":{"start":{"line":66,"column":2},"end":{"line":68,"column":3}},"33":{"start":{"line":67,"column":4},"end":{"line":67,"column":65}},"34":{"start":{"line":70,"column":2},"end":{"line":91,"column":3}},"35":{"start":{"line":71,"column":15},"end":{"line":71,"column":37}},"36":{"start":{"line":72,"column":29},"end":{"line":74,"column":5}},"37":{"start":{"line":73,"column":18},"end":{"line":73,"column":54}},"38":{"start":{"line":76,"column":4},"end":{"line":78,"column":5}},"39":{"start":{"line":77,"column":6},"end":{"line":77,"column":76}},"40":{"start":{"line":81,"column":4},"end":{"line":81,"column":40}},"41":{"start":{"line":82,"column":4},"end":{"line":82,"column":32}},"42":{"start":{"line":85,"column":4},"end":{"line":88,"column":7}},"43":{"start":{"line":90,"column":4},"end":{"line":90,"column":79}},"44":{"start":{"line":95,"column":0},"end":{"line":117,"column":3}},"45":{"start":{"line":96,"column":19},"end":{"line":96,"column":52}},"46":{"start":{"line":97,"column":15},"end":{"line":97,"column":29}},"47":{"start":{"line":99,"column":2},"end":{"line":116,"column":3}},"48":{"start":{"line":100,"column":15},"end":{"line":100,"column":37}},"49":{"start":{"line":101,"column":30},"end":{"line":103,"column":5}},"50":{"start":{"line":102,"column":18},"end":{"line":102,"column":70}},"51":{"start":{"line":105,"column":32},"end":{"line":111,"column":6}},"52":{"start":{"line":106,"column":22},"end":{"line":106,"column":79}},"53":{"start":{"line":106,"column":46},"end":{"line":106,"column":78}},"54":{"start":{"line":107,"column":6},"end":{"line":110,"column":8}},"55":{"start":{"line":113,"column":4},"end":{"line":113,"column":46}},"56":{"start":{"line":115,"column":4},"end":{"line":115,"column":63}},"57":{"start":{"line":120,"column":0},"end":{"line":145,"column":3}},"58":{"start":{"line":121,"column":23},"end":{"line":121,"column":60}},"59":{"start":{"line":122,"column":20},"end":{"line":122,"column":35}},"60":{"start":{"line":124,"column":2},"end":{"line":144,"column":3}},"61":{"start":{"line":125,"column":15},"end":{"line":125,"column":37}},"62":{"start":{"line":126,"column":29},"end":{"line":128,"column":5}},"63":{"start":{"line":127,"column":18},"end":{"line":127,"column":54}},"64":{"start":{"line":130,"column":4},"end":{"line":132,"column":5}},"65":{"start":{"line":131,"column":6},"end":{"line":131,"column":76}},"66":{"start":{"line":135,"column":4},"end":{"line":135,"column":40}},"67":{"start":{"line":136,"column":4},"end":{"line":136,"column":32}},"68":{"start":{"line":138,"column":4},"end":{"line":141,"column":7}},"69":{"start":{"line":143,"column":4},"end":{"line":143,"column":79}},"70":{"start":{"line":147,"column":0},"end":{"line":147,"column":67}}},"fnMap":{"0":{"name":"readJSON","decl":{"start":{"line":10,"column":15},"end":{"line":10,"column":23}},"loc":{"start":{"line":10,"column":34},"end":{"line":18,"column":1}},"line":10},"1":{"name":"writeJSON","decl":{"start":{"line":21,"column":15},"end":{"line":21,"column":24}},"loc":{"start":{"line":21,"column":43},"end":{"line":28,"column":1}},"line":21},"2":{"name":"(anonymous_2)","decl":{"start":{"line":31,"column":30},"end":{"line":31,"column":31}},"loc":{"start":{"line":31,"column":50},"end":{"line":53,"column":1}},"line":31},"3":{"name":"(anonymous_3)","decl":{"start":{"line":38,"column":6},"end":{"line":38,"column":7}},"loc":{"start":{"line":38,"column":18},"end":{"line":38,"column":70}},"line":38},"4":{"name":"(anonymous_4)","decl":{"start":{"line":41,"column":54},"end":{"line":41,"column":55}},"loc":{"start":{"line":41,"column":66},"end":{"line":47,"column":5}},"line":41},"5":{"name":"(anonymous_5)","decl":{"start":{"line":42,"column":39},"end":{"line":42,"column":40}},"loc":{"start":{"line":42,"column":46},"end":{"line":42,"column":78}},"line":42},"6":{"name":"(anonymous_6)","decl":{"start":{"line":56,"column":31},"end":{"line":56,"column":32}},"loc":{"start":{"line":56,"column":51},"end":{"line":92,"column":1}},"line":56},"7":{"name":"(anonymous_7)","decl":{"start":{"line":73,"column":6},"end":{"line":73,"column":7}},"loc":{"start":{"line":73,"column":18},"end":{"line":73,"column":54}},"line":73},"8":{"name":"(anonymous_8)","decl":{"start":{"line":95,"column":45},"end":{"line":95,"column":46}},"loc":{"start":{"line":95,"column":65},"end":{"line":117,"column":1}},"line":95},"9":{"name":"(anonymous_9)","decl":{"start":{"line":102,"column":6},"end":{"line":102,"column":7}},"loc":{"start":{"line":102,"column":18},"end":{"line":102,"column":70}},"line":102},"10":{"name":"(anonymous_10)","decl":{"start":{"line":105,"column":54},"end":{"line":105,"column":55}},"loc":{"start":{"line":105,"column":66},"end":{"line":111,"column":5}},"line":105},"11":{"name":"(anonymous_11)","decl":{"start":{"line":106,"column":39},"end":{"line":106,"column":40}},"loc":{"start":{"line":106,"column":46},"end":{"line":106,"column":78}},"line":106},"12":{"name":"(anonymous_12)","decl":{"start":{"line":120,"column":49},"end":{"line":120,"column":50}},"loc":{"start":{"line":120,"column":69},"end":{"line":145,"column":1}},"line":120},"13":{"name":"(anonymous_13)","decl":{"start":{"line":127,"column":6},"end":{"line":127,"column":7}},"loc":{"start":{"line":127,"column":18},"end":{"line":127,"column":54}},"line":127}},"branchMap":{"0":{"loc":{"start":{"line":38,"column":18},"end":{"line":38,"column":70}},"type":"binary-expr","locations":[{"start":{"line":38,"column":18},"end":{"line":38,"column":46}},{"start":{"line":38,"column":50},"end":{"line":38,"column":70}}],"line":38},"1":{"loc":{"start":{"line":45,"column":14},"end":{"line":45,"column":48}},"type":"cond-expr","locations":[{"start":{"line":45,"column":24},"end":{"line":45,"column":36}},{"start":{"line":45,"column":39},"end":{"line":45,"column":48}}],"line":45},"2":{"loc":{"start":{"line":61,"column":2},"end":{"line":63,"column":3}},"type":"if","locations":[{"start":{"line":61,"column":2},"end":{"line":63,"column":3}},{"start":{},"end":{}}],"line":61},"3":{"loc":{"start":{"line":66,"column":2},"end":{"line":68,"column":3}},"type":"if","locations":[{"start":{"line":66,"column":2},"end":{"line":68,"column":3}},{"start":{},"end":{}}],"line":66},"4":{"loc":{"start":{"line":76,"column":4},"end":{"line":78,"column":5}},"type":"if","locations":[{"start":{"line":76,"column":4},"end":{"line":78,"column":5}},{"start":{},"end":{}}],"line":76},"5":{"loc":{"start":{"line":102,"column":18},"end":{"line":102,"column":70}},"type":"binary-expr","locations":[{"start":{"line":102,"column":18},"end":{"line":102,"column":46}},{"start":{"line":102,"column":50},"end":{"line":102,"column":70}}],"line":102},"6":{"loc":{"start":{"line":109,"column":14},"end":{"line":109,"column":48}},"type":"cond-expr","locations":[{"start":{"line":109,"column":24},"end":{"line":109,"column":36}},{"start":{"line":109,"column":39},"end":{"line":109,"column":48}}],"line":109},"7":{"loc":{"start":{"line":130,"column":4},"end":{"line":132,"column":5}},"type":"if","locations":[{"start":{"line":130,"column":4},"end":{"line":132,"column":5}},{"start":{},"end":{}}],"line":130}},"s":{"0":1,"1":1,"2":1,"3":1,"4":1,"5":0,"6":0,"7":0,"8":0,"9":0,"10":0,"11":0,"12":0,"13":0,"14":1,"15":0,"16":0,"17":0,"18":0,"19":0,"20":0,"21":0,"22":0,"23":0,"24":0,"25":0,"26":0,"27":1,"28":4,"29":4,"30":4,"31":0,"32":4,"33":4,"34":0,"35":0,"36":0,"37":0,"38":0,"39":0,"40":0,"41":0,"42":0,"43":0,"44":1,"45":0,"46":0,"47":0,"48":0,"49":0,"50":0,"51":0,"52":0,"53":0,"54":0,"55":0,"56":0,"57":1,"58":0,"59":0,"60":0,"61":0,"62":0,"63":0,"64":0,"65":0,"66":0,"67":0,"68":0,"69":0,"70":1},"f":{"0":0,"1":0,"2":0,"3":0,"4":0,"5":0,"6":4,"7":0,"8":0,"9":0,"10":0,"11":0,"12":0,"13":0},"b":{"0":[0,0],"1":[0,0],"2":[0,4],"3":[4,0],"4":[0,0],"5":[0,0],"6":[0,0],"7":[0,0]},"_coverageSchema":"1a1c01bbd47fc00a2c39e90264f33305004495a9","hash":"712ecfd882e3281f91a13c977ff4e8e2c918ac6a","contentHash":"55b19e972ad380e3b9f4618e615829250114c993e429aabe5eb5da6bb117849b"}}