{
  "C:\\Users\\ajxia\\OneDrive\\Desktop\\Documents\\DVOPS_Projects\\DVOPS_Project\\DevOps-Project\\public\\js\\attendance.js": {
    "path": "C:\\Users\\ajxia\\OneDrive\\Desktop\\Documents\\DVOPS_Projects\\DVOPS_Project\\DevOps-Project\\public\\js\\attendance.js",
    "statementMap": {
      "0": {
        "start": {
          "line": 1,
          "column": 0
        },
        "end": {
          "line": 3,
          "column": 3
        }
      },
      "1": {
        "start": {
          "line": 2,
          "column": 2
        },
        "end": {
          "line": 2,
          "column": 19
        }
      },
      "2": {
        "start": {
          "line": 7,
          "column": 19
        },
        "end": {
          "line": 7,
          "column": 64
        }
      },
      "3": {
        "start": {
          "line": 8,
          "column": 15
        },
        "end": {
          "line": 8,
          "column": 58
        }
      },
      "4": {
        "start": {
          "line": 11,
          "column": 2
        },
        "end": {
          "line": 14,
          "column": 3
        }
      },
      "5": {
        "start": {
          "line": 12,
          "column": 4
        },
        "end": {
          "line": 12,
          "column": 34
        }
      },
      "6": {
        "start": {
          "line": 13,
          "column": 4
        },
        "end": {
          "line": 13,
          "column": 11
        }
      },
      "7": {
        "start": {
          "line": 16,
          "column": 2
        },
        "end": {
          "line": 46,
          "column": 73
        }
      },
      "8": {
        "start": {
          "line": 17,
          "column": 24
        },
        "end": {
          "line": 17,
          "column": 39
        }
      },
      "9": {
        "start": {
          "line": 19,
          "column": 24
        },
        "end": {
          "line": 19,
          "column": 65
        }
      },
      "10": {
        "start": {
          "line": 20,
          "column": 6
        },
        "end": {
          "line": 20,
          "column": 31
        }
      },
      "11": {
        "start": {
          "line": 22,
          "column": 6
        },
        "end": {
          "line": 44,
          "column": 9
        }
      },
      "12": {
        "start": {
          "line": 23,
          "column": 20
        },
        "end": {
          "line": 23,
          "column": 48
        }
      },
      "13": {
        "start": {
          "line": 25,
          "column": 8
        },
        "end": {
          "line": 42,
          "column": 10
        }
      },
      "14": {
        "start": {
          "line": 43,
          "column": 8
        },
        "end": {
          "line": 43,
          "column": 35
        }
      },
      "15": {
        "start": {
          "line": 46,
          "column": 22
        },
        "end": {
          "line": 46,
          "column": 71
        }
      },
      "16": {
        "start": {
          "line": 51,
          "column": 2
        },
        "end": {
          "line": 60,
          "column": 74
        }
      },
      "17": {
        "start": {
          "line": 56,
          "column": 24
        },
        "end": {
          "line": 56,
          "column": 39
        }
      },
      "18": {
        "start": {
          "line": 58,
          "column": 6
        },
        "end": {
          "line": 58,
          "column": 56
        }
      },
      "19": {
        "start": {
          "line": 60,
          "column": 22
        },
        "end": {
          "line": 60,
          "column": 72
        }
      },
      "20": {
        "start": {
          "line": 65,
          "column": 2
        },
        "end": {
          "line": 65,
          "column": 38
        }
      }
    },
    "fnMap": {
      "0": {
        "name": "(anonymous_0)",
        "decl": {
          "start": {
            "line": 1,
            "column": 46
          },
          "end": {
            "line": 1,
            "column": 47
          }
        },
        "loc": {
          "start": {
            "line": 1,
            "column": 58
          },
          "end": {
            "line": 3,
            "column": 1
          }
        },
        "line": 1
      },
      "1": {
        "name": "loadAttendance",
        "decl": {
          "start": {
            "line": 6,
            "column": 9
          },
          "end": {
            "line": 6,
            "column": 23
          }
        },
        "loc": {
          "start": {
            "line": 6,
            "column": 26
          },
          "end": {
            "line": 47,
            "column": 1
          }
        },
        "line": 6
      },
      "2": {
        "name": "(anonymous_2)",
        "decl": {
          "start": {
            "line": 17,
            "column": 10
          },
          "end": {
            "line": 17,
            "column": 11
          }
        },
        "loc": {
          "start": {
            "line": 17,
            "column": 24
          },
          "end": {
            "line": 17,
            "column": 39
          }
        },
        "line": 17
      },
      "3": {
        "name": "(anonymous_3)",
        "decl": {
          "start": {
            "line": 18,
            "column": 10
          },
          "end": {
            "line": 18,
            "column": 11
          }
        },
        "loc": {
          "start": {
            "line": 18,
            "column": 26
          },
          "end": {
            "line": 45,
            "column": 5
          }
        },
        "line": 18
      },
      "4": {
        "name": "(anonymous_4)",
        "decl": {
          "start": {
            "line": 22,
            "column": 25
          },
          "end": {
            "line": 22,
            "column": 26
          }
        },
        "loc": {
          "start": {
            "line": 22,
            "column": 37
          },
          "end": {
            "line": 44,
            "column": 7
          }
        },
        "line": 22
      },
      "5": {
        "name": "(anonymous_5)",
        "decl": {
          "start": {
            "line": 46,
            "column": 11
          },
          "end": {
            "line": 46,
            "column": 12
          }
        },
        "loc": {
          "start": {
            "line": 46,
            "column": 22
          },
          "end": {
            "line": 46,
            "column": 71
          }
        },
        "line": 46
      },
      "6": {
        "name": "updateStatus",
        "decl": {
          "start": {
            "line": 50,
            "column": 9
          },
          "end": {
            "line": 50,
            "column": 21
          }
        },
        "loc": {
          "start": {
            "line": 50,
            "column": 47
          },
          "end": {
            "line": 61,
            "column": 1
          }
        },
        "line": 50
      },
      "7": {
        "name": "(anonymous_7)",
        "decl": {
          "start": {
            "line": 56,
            "column": 10
          },
          "end": {
            "line": 56,
            "column": 11
          }
        },
        "loc": {
          "start": {
            "line": 56,
            "column": 24
          },
          "end": {
            "line": 56,
            "column": 39
          }
        },
        "line": 56
      },
      "8": {
        "name": "(anonymous_8)",
        "decl": {
          "start": {
            "line": 57,
            "column": 10
          },
          "end": {
            "line": 57,
            "column": 11
          }
        },
        "loc": {
          "start": {
            "line": 57,
            "column": 29
          },
          "end": {
            "line": 59,
            "column": 5
          }
        },
        "line": 57
      },
      "9": {
        "name": "(anonymous_9)",
        "decl": {
          "start": {
            "line": 60,
            "column": 11
          },
          "end": {
            "line": 60,
            "column": 12
          }
        },
        "loc": {
          "start": {
            "line": 60,
            "column": 22
          },
          "end": {
            "line": 60,
            "column": 72
          }
        },
        "line": 60
      },
      "10": {
        "name": "goToHomePage",
        "decl": {
          "start": {
            "line": 63,
            "column": 9
          },
          "end": {
            "line": 63,
            "column": 21
          }
        },
        "loc": {
          "start": {
            "line": 63,
            "column": 24
          },
          "end": {
            "line": 66,
            "column": 1
          }
        },
        "line": 63
      }
    },
    "branchMap": {
      "0": {
        "loc": {
          "start": {
            "line": 11,
            "column": 2
          },
          "end": {
            "line": 14,
            "column": 3
          }
        },
        "type": "if",
        "locations": [
          {
            "start": {
              "line": 11,
              "column": 2
            },
            "end": {
              "line": 14,
              "column": 3
            }
          },
          {
            "start": {},
            "end": {}
          }
        ],
        "line": 11
      },
      "1": {
        "loc": {
          "start": {
            "line": 32,
            "column": 16
          },
          "end": {
            "line": 32,
            "column": 61
          }
        },
        "type": "cond-expr",
        "locations": [
          {
            "start": {
              "line": 32,
              "column": 46
            },
            "end": {
              "line": 32,
              "column": 56
            }
          },
          {
            "start": {
              "line": 32,
              "column": 59
            },
            "end": {
              "line": 32,
              "column": 61
            }
          }
        ],
        "line": 32
      },
      "2": {
        "loc": {
          "start": {
            "line": 35,
            "column": 16
          },
          "end": {
            "line": 35,
            "column": 60
          }
        },
        "type": "cond-expr",
        "locations": [
          {
            "start": {
              "line": 35,
              "column": 45
            },
            "end": {
              "line": 35,
              "column": 55
            }
          },
          {
            "start": {
              "line": 35,
              "column": 58
            },
            "end": {
              "line": 35,
              "column": 60
            }
          }
        ],
        "line": 35
      },
      "3": {
        "loc": {
          "start": {
            "line": 38,
            "column": 16
          },
          "end": {
            "line": 38,
            "column": 58
          }
        },
        "type": "cond-expr",
        "locations": [
          {
            "start": {
              "line": 38,
              "column": 43
            },
            "end": {
              "line": 38,
              "column": 53
            }
          },
          {
            "start": {
              "line": 38,
              "column": 56
            },
            "end": {
              "line": 38,
              "column": 58
            }
          }
        ],
        "line": 38
      }
    },
    "s": {
      "0": 4,
      "1": 4,
      "2": 7,
      "3": 7,
      "4": 7,
      "5": 5,
      "6": 5,
      "7": 2,
      "8": 2,
      "9": 2,
      "10": 2,
      "11": 2,
      "12": 8,
      "13": 8,
      "14": 8,
      "15": 0,
      "16": 0,
      "17": 0,
      "18": 0,
      "19": 0,
      "20": 1
    },
    "f": {
      "0": 4,
      "1": 7,
      "2": 2,
      "3": 2,
      "4": 8,
      "5": 0,
      "6": 0,
      "7": 0,
      "8": 0,
      "9": 0,
      "10": 1
    },
    "b": {
      "0": [
        5,
        2
      ],
      "1": [
        6,
        2
      ],
      "2": [
        0,
        0
      ],
      "3": [
        2,
        6
      ]
    },
    "_coverageSchema": "1a1c01bbd47fc00a2c39e90264f33305004495a9",
    "hash": "2ed4fd6abf72269834cf283a883a33c52e9505e3"
  }
}