<?xml version="1.0" encoding="UTF-8"?>
<coverage generated="1736579563924" clover="3.2.0">
  <project timestamp="1736579563924" name="All files">
    <metrics statements="262" coveredstatements="190" conditionals="110" coveredconditionals="36" methods="94" coveredmethods="54" elements="466" coveredelements="280" complexity="0" loc="262" ncloc="262" packages="4" files="5" classes="5"/>
    <package name="DevOps-Project">
      <metrics statements="53" coveredstatements="48" conditionals="10" coveredconditionals="7" methods="10" coveredmethods="7"/>
      <file name="index.js" path="C:\Users\ajxia\OneDrive\Desktop\Documents\DVOPS_Projects\DVOPS_Project\DevOps-Project\index.js">
        <metrics statements="53" coveredstatements="48" conditionals="10" coveredconditionals="7" methods="10" coveredmethods="7"/>
        <line num="1" count="1" type="stmt"/>
        <line num="2" count="1" type="stmt"/>
        <line num="3" count="1" type="stmt"/>
        <line num="4" count="1" type="stmt"/>
        <line num="5" count="1" type="stmt"/>
        <line num="7" count="1" type="stmt"/>
        <line num="8" count="1" type="cond" truecount="2" falsecount="0"/>
        <line num="9" count="1" type="stmt"/>
        <line num="12" count="1" type="stmt"/>
        <line num="13" count="1" type="stmt"/>
        <line num="14" count="1" type="stmt"/>
        <line num="15" count="1" type="stmt"/>
        <line num="20" count="1" type="stmt"/>
        <line num="21" count="1" type="stmt"/>
        <line num="22" count="1" type="stmt"/>
        <line num="25" count="1" type="stmt"/>
        <line num="26" count="1" type="stmt"/>
        <line num="29" count="1" type="stmt"/>
        <line num="30" count="0" type="stmt"/>
        <line num="34" count="1" type="stmt"/>
        <line num="35" count="0" type="stmt"/>
        <line num="39" count="1" type="stmt"/>
        <line num="40" count="1" type="stmt"/>
        <line num="43" count="1" type="stmt"/>
        <line num="44" count="0" type="stmt"/>
        <line num="48" count="1" type="stmt"/>
        <line num="49" count="1" type="stmt"/>
        <line num="50" count="1" type="stmt"/>
        <line num="51" count="1" type="stmt"/>
        <line num="54" count="1" type="stmt"/>
        <line num="55" count="12" type="cond" truecount="2" falsecount="0"/>
        <line num="59" count="1" type="stmt"/>
        <line num="60" count="10" type="stmt"/>
        <line num="61" count="4" type="stmt"/>
        <line num="67" count="1" type="stmt"/>
        <line num="71" count="1" type="stmt"/>
        <line num="72" count="1" type="stmt"/>
        <line num="73" count="1" type="stmt"/>
        <line num="75" count="1" type="stmt"/>
        <line num="76" count="1" type="stmt"/>
        <line num="77" count="1" type="stmt"/>
        <line num="78" count="1" type="stmt"/>
        <line num="81" count="1" type="cond" truecount="1" falsecount="1"/>
        <line num="83" count="1" type="stmt"/>
        <line num="84" count="1" type="stmt"/>
        <line num="87" count="1" type="stmt"/>
        <line num="92" count="0" type="stmt"/>
        <line num="95" count="0" type="stmt"/>
        <line num="99" count="1" type="stmt"/>
        <line num="100" count="1" type="stmt"/>
        <line num="101" count="1" type="stmt"/>
        <line num="104" count="1" type="stmt"/>
        <line num="107" count="1" type="stmt"/>
      </file>
    </package>
    <package name="DevOps-Project.public.js">
      <metrics statements="21" coveredstatements="17" conditionals="8" coveredconditionals="4" methods="11" coveredmethods="9"/>
      <file name="attendance.js" path="C:\Users\ajxia\OneDrive\Desktop\Documents\DVOPS_Projects\DVOPS_Project\DevOps-Project\public\js\attendance.js">
        <metrics statements="21" coveredstatements="17" conditionals="8" coveredconditionals="4" methods="11" coveredmethods="9"/>
        <line num="1" count="4" type="stmt"/>
        <line num="2" count="4" type="stmt"/>
        <line num="7" count="6" type="stmt"/>
        <line num="8" count="6" type="stmt"/>
        <line num="11" count="6" type="cond" truecount="1" falsecount="1"/>
        <line num="12" count="0" type="stmt"/>
        <line num="13" count="0" type="stmt"/>
        <line num="16" count="6" type="stmt"/>
        <line num="17" count="6" type="stmt"/>
        <line num="19" count="6" type="stmt"/>
        <line num="20" count="6" type="stmt"/>
        <line num="22" count="6" type="stmt"/>
        <line num="23" count="8" type="stmt"/>
        <line num="25" count="8" type="stmt"/>
        <line num="43" count="8" type="stmt"/>
        <line num="46" count="0" type="stmt"/>
        <line num="51" count="1" type="stmt"/>
        <line num="56" count="1" type="stmt"/>
        <line num="58" count="1" type="stmt"/>
        <line num="60" count="0" type="stmt"/>
        <line num="65" count="1" type="stmt"/>
      </file>
    </package>
    <package name="DevOps-Project.util">
      <metrics statements="63" coveredstatements="22" conditionals="16" coveredconditionals="1" methods="12" coveredmethods="0"/>
      <file name="createStudent.js" path="C:\Users\ajxia\OneDrive\Desktop\Documents\DVOPS_Projects\DVOPS_Project\DevOps-Project\util\createStudent.js">
        <metrics statements="21" coveredstatements="7" conditionals="6" coveredconditionals="0" methods="4" coveredmethods="0"/>
        <line num="1" count="1" type="stmt"/>
        <line num="2" count="1" type="stmt"/>
        <line num="3" count="1" type="stmt"/>
        <line num="4" count="1" type="stmt"/>
        <line num="7" count="1" type="stmt"/>
        <line num="11" count="0" type="stmt"/>
        <line num="12" count="0" type="stmt"/>
        <line num="17" count="0" type="stmt"/>
        <line num="21" count="1" type="stmt"/>
        <line num="22" count="0" type="stmt"/>
        <line num="25" count="0" type="cond" truecount="0" falsecount="4"/>
        <line num="26" count="0" type="stmt"/>
        <line num="30" count="0" type="stmt"/>
        <line num="33" count="0" type="stmt"/>
        <line num="34" count="0" type="cond" truecount="0" falsecount="2"/>
        <line num="35" count="0" type="stmt"/>
        <line num="39" count="0" type="stmt"/>
        <line num="42" count="0" type="stmt"/>
        <line num="45" count="0" type="stmt"/>
        <line num="48" count="0" type="stmt"/>
        <line num="51" count="1" type="stmt"/>
      </file>
      <file name="leaveapp.js" path="C:\Users\ajxia\OneDrive\Desktop\Documents\DVOPS_Projects\DVOPS_Project\DevOps-Project\util\leaveapp.js">
        <metrics statements="42" coveredstatements="15" conditionals="10" coveredconditionals="1" methods="8" coveredmethods="0"/>
        <line num="1" count="1" type="stmt"/>
        <line num="2" count="1" type="stmt"/>
        <line num="3" count="1" type="stmt"/>
        <line num="6" count="1" type="stmt"/>
        <line num="9" count="1" type="stmt"/>
        <line num="13" count="1" type="stmt"/>
        <line num="14" count="1" type="stmt"/>
        <line num="15" count="1" type="stmt"/>
        <line num="16" count="1" type="stmt"/>
        <line num="18" count="0" type="stmt"/>
        <line num="19" count="0" type="stmt"/>
        <line num="23" count="1" type="cond" truecount="1" falsecount="1"/>
        <line num="26" count="1" type="stmt"/>
        <line num="28" count="0" type="stmt"/>
        <line num="29" count="0" type="cond" truecount="0" falsecount="2"/>
        <line num="30" count="0" type="stmt"/>
        <line num="31" count="0" type="stmt"/>
        <line num="33" count="0" type="stmt"/>
        <line num="39" count="1" type="stmt"/>
        <line num="40" count="0" type="stmt"/>
        <line num="43" count="0" type="stmt"/>
        <line num="44" count="0" type="stmt"/>
        <line num="46" count="0" type="cond" truecount="0" falsecount="4"/>
        <line num="47" count="0" type="stmt"/>
        <line num="50" count="0" type="stmt"/>
        <line num="51" count="0" type="stmt"/>
        <line num="52" count="0" type="stmt"/>
        <line num="55" count="0" type="stmt"/>
        <line num="56" count="0" type="stmt"/>
        <line num="58" count="0" type="stmt"/>
        <line num="62" count="1" type="stmt"/>
        <line num="63" count="0" type="stmt"/>
        <line num="67" count="1" type="stmt"/>
        <line num="68" count="0" type="stmt"/>
        <line num="69" count="0" type="stmt"/>
        <line num="71" count="0" type="cond" truecount="0" falsecount="2"/>
        <line num="72" count="0" type="stmt"/>
        <line num="75" count="0" type="stmt"/>
        <line num="76" count="0" type="stmt"/>
        <line num="78" count="0" type="stmt"/>
        <line num="80" count="0" type="stmt"/>
        <line num="84" count="1" type="stmt"/>
      </file>
    </package>
    <package name="DevOps-Project.utils">
      <metrics statements="125" coveredstatements="103" conditionals="76" coveredconditionals="24" methods="61" coveredmethods="38"/>
      <file name="ResourceUtil.js" path="C:\Users\ajxia\OneDrive\Desktop\Documents\DVOPS_Projects\DVOPS_Project\DevOps-Project\utils\ResourceUtil.js">
        <metrics statements="125" coveredstatements="103" conditionals="76" coveredconditionals="24" methods="61" coveredmethods="38"/>
        <line num="1" count="78" type="stmt"/>
        <line num="2" count="68" type="stmt"/>
        <line num="3" count="21" type="stmt"/>
        <line num="4" count="60" type="stmt"/>
        <line num="5" count="5" type="stmt"/>
        <line num="6" count="39" type="stmt"/>
        <line num="7" count="54" type="stmt"/>
        <line num="8" count="39" type="stmt"/>
        <line num="9" count="43" type="stmt"/>
        <line num="10" count="13" type="stmt"/>
        <line num="11" count="12" type="cond" truecount="0" falsecount="2"/>
        <line num="12" count="22" type="stmt"/>
        <line num="13" count="12" type="cond" truecount="0" falsecount="2"/>
        <line num="14" count="18" type="stmt"/>
        <line num="15" count="21" type="stmt"/>
        <line num="16" count="28" type="stmt"/>
        <line num="17" count="21" type="stmt"/>
        <line num="18" count="12" type="cond" truecount="0" falsecount="2"/>
        <line num="19" count="15" type="stmt"/>
        <line num="20" count="0" type="cond" truecount="0" falsecount="2"/>
        <line num="21" count="12" type="cond" truecount="0" falsecount="2"/>
        <line num="22" count="10" type="stmt"/>
        <line num="23" count="10" type="stmt"/>
        <line num="24" count="10" type="stmt"/>
        <line num="25" count="9" type="stmt"/>
        <line num="26" count="14" type="stmt"/>
        <line num="27" count="64" type="stmt"/>
        <line num="28" count="21" type="cond" truecount="0" falsecount="2"/>
        <line num="29" count="14" type="stmt"/>
        <line num="30" count="11" type="stmt"/>
        <line num="31" count="181" type="stmt"/>
        <line num="32" count="52" type="stmt"/>
        <line num="33" count="63" type="cond" truecount="1" falsecount="1"/>
        <line num="34" count="63" type="cond" truecount="0" falsecount="2"/>
        <line num="35" count="40" type="cond" truecount="1" falsecount="1"/>
        <line num="36" count="29" type="stmt"/>
        <line num="37" count="55" type="cond" truecount="1" falsecount="1"/>
        <line num="38" count="55" type="cond" truecount="1" falsecount="3"/>
        <line num="39" count="34" type="cond" truecount="2" falsecount="0"/>
        <line num="40" count="26" type="stmt"/>
        <line num="41" count="32" type="cond" truecount="2" falsecount="0"/>
        <line num="42" count="51" type="stmt"/>
        <line num="43" count="9" type="stmt"/>
        <line num="44" count="13" type="cond" truecount="2" falsecount="0"/>
        <line num="45" count="7" type="cond" truecount="2" falsecount="2"/>
        <line num="46" count="28" type="cond" truecount="2" falsecount="2"/>
        <line num="47" count="28" type="cond" truecount="0" falsecount="4"/>
        <line num="48" count="10" type="stmt"/>
        <line num="49" count="10" type="stmt"/>
        <line num="50" count="29" type="stmt"/>
        <line num="51" count="40" type="stmt"/>
        <line num="52" count="38" type="stmt"/>
        <line num="53" count="62" type="stmt"/>
        <line num="54" count="18" type="cond" truecount="2" falsecount="0"/>
        <line num="55" count="15" type="cond" truecount="0" falsecount="4"/>
        <line num="56" count="40" type="stmt"/>
        <line num="57" count="109" type="cond" truecount="2" falsecount="0"/>
        <line num="58" count="100" type="stmt"/>
        <line num="59" count="53" type="stmt"/>
        <line num="60" count="36" type="stmt"/>
        <line num="61" count="108" type="cond" truecount="2" falsecount="0"/>
        <line num="62" count="146" type="stmt"/>
        <line num="63" count="36" type="cond" truecount="0" falsecount="2"/>
        <line num="64" count="36" type="stmt"/>
        <line num="65" count="52" type="stmt"/>
        <line num="66" count="100" type="cond" truecount="2" falsecount="0"/>
        <line num="67" count="84" type="stmt"/>
        <line num="68" count="22" type="stmt"/>
        <line num="69" count="30" type="stmt"/>
        <line num="70" count="24" type="stmt"/>
        <line num="71" count="26" type="cond" truecount="0" falsecount="2"/>
        <line num="72" count="16" type="stmt"/>
        <line num="73" count="35" type="stmt"/>
        <line num="75" count="14" type="stmt"/>
        <line num="76" count="12" type="cond" truecount="2" falsecount="0"/>
        <line num="77" count="12" type="stmt"/>
        <line num="78" count="18" type="stmt"/>
        <line num="80" count="14" type="stmt"/>
        <line num="81" count="19" type="stmt"/>
        <line num="82" count="10" type="stmt"/>
        <line num="83" count="16" type="stmt"/>
        <line num="85" count="10" type="stmt"/>
        <line num="89" count="14" type="stmt"/>
        <line num="90" count="11" type="stmt"/>
        <line num="91" count="15" type="cond" truecount="0" falsecount="4"/>
        <line num="92" count="5" type="stmt"/>
        <line num="94" count="4" type="stmt"/>
        <line num="95" count="6" type="stmt"/>
        <line num="96" count="13" type="stmt"/>
        <line num="97" count="6" type="stmt"/>
        <line num="98" count="9" type="stmt"/>
        <line num="99" count="5" type="stmt"/>
        <line num="100" count="6" type="stmt"/>
        <line num="101" count="2" type="stmt"/>
        <line num="102" count="0" type="cond" truecount="0" falsecount="2"/>
        <line num="103" count="0" type="cond" truecount="0" falsecount="2"/>
        <line num="105" count="0" type="stmt"/>
        <line num="106" count="0" type="stmt"/>
        <line num="107" count="0" type="stmt"/>
        <line num="108" count="0" type="stmt"/>
        <line num="113" count="0" type="stmt"/>
        <line num="114" count="0" type="stmt"/>
        <line num="115" count="0" type="stmt"/>
        <line num="116" count="1" type="stmt"/>
        <line num="120" count="1" type="stmt"/>
        <line num="121" count="5" type="stmt"/>
        <line num="122" count="5" type="stmt"/>
        <line num="123" count="1" type="stmt"/>
        <line num="124" count="5" type="stmt"/>
        <line num="125" count="1" type="stmt"/>
        <line num="126" count="0" type="stmt"/>
        <line num="127" count="0" type="stmt"/>
        <line num="128" count="0" type="stmt"/>
        <line num="130" count="0" type="cond" truecount="0" falsecount="2"/>
        <line num="131" count="0" type="cond" truecount="0" falsecount="2"/>
        <line num="132" count="0" type="stmt"/>
        <line num="135" count="0" type="stmt"/>
        <line num="136" count="0" type="stmt"/>
        <line num="137" count="0" type="stmt"/>
        <line num="138" count="0" type="stmt"/>
        <line num="139" count="0" type="stmt"/>
        <line num="143" count="0" type="stmt"/>
        <line num="144" count="1" type="stmt"/>
        <line num="147" count="1" type="stmt"/>
        <line num="148" count="5" type="stmt"/>
      </file>
    </package>
  </project>
</coverage>
