{"C:\\Users\\ajxia\\OneDrive\\Desktop\\Documents\\DVOPS_Projects\\DVOPS_Project\\DevOps-Project\\index.js": {"path":"C:\\Users\\ajxia\\OneDrive\\Desktop\\Documents\\DVOPS_Projects\\DVOPS_Project\\DevOps-Project\\index.js","statementMap":{"0":{"start":{"line":1,"column":16},"end":{"line":1,"column":34}},"1":{"start":{"line":2,"column":19},"end":{"line":2,"column":41}},"2":{"start":{"line":3,"column":11},"end":{"line":3,"column":24}},"3":{"start":{"line":4,"column":13},"end":{"line":4,"column":28}},"4":{"start":{"line":5,"column":13},"end":{"line":5,"column":28}},"5":{"start":{"line":7,"column":12},"end":{"line":7,"column":21}},"6":{"start":{"line":8,"column":13},"end":{"line":8,"column":37}},"7":{"start":{"line":9,"column":15},"end":{"line":9,"column":52}},"8":{"start":{"line":12,"column":0},"end":{"line":12,"column":16}},"9":{"start":{"line":13,"column":0},"end":{"line":13,"column":51}},"10":{"start":{"line":14,"column":0},"end":{"line":14,"column":27}},"11":{"start":{"line":15,"column":0},"end":{"line":15,"column":34}},"12":{"start":{"line":20,"column":4},"end":{"line":20,"column":35}},"13":{"start":{"line":21,"column":0},"end":{"line":21,"column":72}},"14":{"start":{"line":22,"column":0},"end":{"line":22,"column":66}},"15":{"start":{"line":25,"column":23},"end":{"line":25,"column":49}},"16":{"start":{"line":26,"column":0},"end":{"line":26,"column":34}},"17":{"start":{"line":29,"column":0},"end":{"line":31,"column":3}},"18":{"start":{"line":30,"column":2},"end":{"line":30,"column":58}},"19":{"start":{"line":34,"column":0},"end":{"line":36,"column":3}},"20":{"start":{"line":35,"column":2},"end":{"line":35,"column":23}},"21":{"start":{"line":39,"column":27},"end":{"line":39,"column":58}},"22":{"start":{"line":40,"column":0},"end":{"line":40,"column":33}},"23":{"start":{"line":43,"column":0},"end":{"line":45,"column":3}},"24":{"start":{"line":44,"column":2},"end":{"line":44,"column":61}},"25":{"start":{"line":48,"column":0},"end":{"line":68,"column":3}},"26":{"start":{"line":49,"column":19},"end":{"line":49,"column":52}},"27":{"start":{"line":50,"column":15},"end":{"line":50,"column":29}},"28":{"start":{"line":51,"column":13},"end":{"line":51,"column":57}},"29":{"start":{"line":54,"column":28},"end":{"line":56,"column":3}},"30":{"start":{"line":55,"column":16},"end":{"line":55,"column":68}},"31":{"start":{"line":59,"column":30},"end":{"line":65,"column":4}},"32":{"start":{"line":60,"column":20},"end":{"line":60,"column":77}},"33":{"start":{"line":60,"column":44},"end":{"line":60,"column":76}},"34":{"start":{"line":61,"column":4},"end":{"line":64,"column":6}},"35":{"start":{"line":67,"column":2},"end":{"line":67,"column":32}},"36":{"start":{"line":71,"column":0},"end":{"line":97,"column":3}},"37":{"start":{"line":72,"column":23},"end":{"line":72,"column":60}},"38":{"start":{"line":73,"column":20},"end":{"line":73,"column":35}},"39":{"start":{"line":75,"column":2},"end":{"line":96,"column":3}},"40":{"start":{"line":76,"column":15},"end":{"line":76,"column":59}},"41":{"start":{"line":77,"column":29},"end":{"line":79,"column":5}},"42":{"start":{"line":78,"column":18},"end":{"line":78,"column":54}},"43":{"start":{"line":81,"column":4},"end":{"line":93,"column":5}},"44":{"start":{"line":83,"column":6},"end":{"line":83,"column":42}},"45":{"start":{"line":84,"column":6},"end":{"line":84,"column":69}},"46":{"start":{"line":87,"column":6},"end":{"line":90,"column":9}},"47":{"start":{"line":92,"column":6},"end":{"line":92,"column":76}},"48":{"start":{"line":95,"column":4},"end":{"line":95,"column":79}},"49":{"start":{"line":99,"column":0},"end":{"line":105,"column":3}},"50":{"start":{"line":100,"column":18},"end":{"line":100,"column":34}},"51":{"start":{"line":101,"column":18},"end":{"line":103,"column":20}},"52":{"start":{"line":104,"column":2},"end":{"line":104,"column":47}},"53":{"start":{"line":107,"column":0},"end":{"line":107,"column":33}}},"fnMap":{"0":{"name":"(anonymous_0)","decl":{"start":{"line":29,"column":27},"end":{"line":29,"column":28}},"loc":{"start":{"line":29,"column":41},"end":{"line":31,"column":1}},"line":29},"1":{"name":"(anonymous_1)","decl":{"start":{"line":34,"column":25},"end":{"line":34,"column":26}},"loc":{"start":{"line":34,"column":39},"end":{"line":36,"column":1}},"line":34},"2":{"name":"(anonymous_2)","decl":{"start":{"line":43,"column":13},"end":{"line":43,"column":14}},"loc":{"start":{"line":43,"column":27},"end":{"line":45,"column":1}},"line":43},"3":{"name":"(anonymous_3)","decl":{"start":{"line":48,"column":42},"end":{"line":48,"column":43}},"loc":{"start":{"line":48,"column":56},"end":{"line":68,"column":1}},"line":48},"4":{"name":"(anonymous_4)","decl":{"start":{"line":55,"column":4},"end":{"line":55,"column":5}},"loc":{"start":{"line":55,"column":16},"end":{"line":55,"column":68}},"line":55},"5":{"name":"(anonymous_5)","decl":{"start":{"line":59,"column":52},"end":{"line":59,"column":53}},"loc":{"start":{"line":59,"column":64},"end":{"line":65,"column":3}},"line":59},"6":{"name":"(anonymous_6)","decl":{"start":{"line":60,"column":37},"end":{"line":60,"column":38}},"loc":{"start":{"line":60,"column":44},"end":{"line":60,"column":76}},"line":60},"7":{"name":"(anonymous_7)","decl":{"start":{"line":71,"column":46},"end":{"line":71,"column":47}},"loc":{"start":{"line":71,"column":60},"end":{"line":97,"column":1}},"line":71},"8":{"name":"(anonymous_8)","decl":{"start":{"line":78,"column":6},"end":{"line":78,"column":7}},"loc":{"start":{"line":78,"column":18},"end":{"line":78,"column":54}},"line":78},"9":{"name":"(anonymous_9)","decl":{"start":{"line":99,"column":26},"end":{"line":99,"column":27}},"loc":{"start":{"line":99,"column":38},"end":{"line":105,"column":1}},"line":99}},"branchMap":{"0":{"loc":{"start":{"line":8,"column":13},"end":{"line":8,"column":37}},"type":"binary-expr","locations":[{"start":{"line":8,"column":13},"end":{"line":8,"column":29}},{"start":{"line":8,"column":33},"end":{"line":8,"column":37}}],"line":8},"1":{"loc":{"start":{"line":55,"column":16},"end":{"line":55,"column":68}},"type":"binary-expr","locations":[{"start":{"line":55,"column":16},"end":{"line":55,"column":44}},{"start":{"line":55,"column":48},"end":{"line":55,"column":68}}],"line":55},"2":{"loc":{"start":{"line":63,"column":12},"end":{"line":63,"column":46}},"type":"cond-expr","locations":[{"start":{"line":63,"column":22},"end":{"line":63,"column":34}},{"start":{"line":63,"column":37},"end":{"line":63,"column":46}}],"line":63},"3":{"loc":{"start":{"line":81,"column":4},"end":{"line":93,"column":5}},"type":"if","locations":[{"start":{"line":81,"column":4},"end":{"line":93,"column":5}},{"start":{"line":91,"column":11},"end":{"line":93,"column":5}}],"line":81},"4":{"loc":{"start":{"line":102,"column":4},"end":{"line":102,"column":59}},"type":"cond-expr","locations":[{"start":{"line":102,"column":30},"end":{"line":102,"column":41}},{"start":{"line":102,"column":44},"end":{"line":102,"column":59}}],"line":102}},"s":{"0":1,"1":1,"2":1,"3":1,"4":1,"5":1,"6":1,"7":1,"8":1,"9":1,"10":1,"11":1,"12":1,"13":1,"14":1,"15":1,"16":1,"17":1,"18":0,"19":1,"20":0,"21":1,"22":1,"23":1,"24":0,"25":1,"26":1,"27":1,"28":1,"29":1,"30":12,"31":1,"32":4,"33":10,"34":4,"35":1,"36":1,"37":1,"38":1,"39":1,"40":1,"41":1,"42":1,"43":1,"44":1,"45":1,"46":1,"47":0,"48":0,"49":1,"50":1,"51":1,"52":1,"53":1},"f":{"0":0,"1":0,"2":0,"3":1,"4":12,"5":4,"6":10,"7":1,"8":1,"9":1},"b":{"0":[1,1],"1":[12,4],"2":[4,0],"3":[1,0],"4":[1,0]},"_coverageSchema":"1a1c01bbd47fc00a2c39e90264f33305004495a9","hash":"b005bbfd6fe19fba4af2390a5ecdf85e10f26ff8","contentHash":"90cb86b4e9033b8174c5a40174bca6ce26a1e8eff993c1e6e354bd994a5acc24"}
,"C:\\Users\\ajxia\\OneDrive\\Desktop\\Documents\\DVOPS_Projects\\DVOPS_Project\\DevOps-Project\\util\\createStudent.js": {"path":"C:\\Users\\ajxia\\OneDrive\\Desktop\\Documents\\DVOPS_Projects\\DVOPS_Project\\DevOps-Project\\util\\createStudent.js","statementMap":{"0":{"start":{"line":1,"column":16},"end":{"line":1,"column":34}},"1":{"start":{"line":2,"column":15},"end":{"line":2,"column":31}},"2":{"start":{"line":3,"column":11},"end":{"line":3,"column":24}},"3":{"start":{"line":4,"column":13},"end":{"line":4,"column":28}},"4":{"start":{"line":7,"column":15},"end":{"line":7,"column":54}},"5":{"start":{"line":11,"column":17},"end":{"line":11,"column":49}},"6":{"start":{"line":12,"column":4},"end":{"line":12,"column":28}},"7":{"start":{"line":17,"column":4},"end":{"line":17,"column":69}},"8":{"start":{"line":21,"column":0},"end":{"line":49,"column":3}},"9":{"start":{"line":22,"column":32},"end":{"line":22,"column":40}},"10":{"start":{"line":25,"column":4},"end":{"line":27,"column":5}},"11":{"start":{"line":26,"column":8},"end":{"line":26,"column":82}},"12":{"start":{"line":30,"column":15},"end":{"line":30,"column":29}},"13":{"start":{"line":33,"column":28},"end":{"line":33,"column":88}},"14":{"start":{"line":33,"column":56},"end":{"line":33,"column":87}},"15":{"start":{"line":34,"column":4},"end":{"line":36,"column":5}},"16":{"start":{"line":35,"column":8},"end":{"line":35,"column":76}},"17":{"start":{"line":39,"column":23},"end":{"line":39,"column":42}},"18":{"start":{"line":42,"column":4},"end":{"line":42,"column":33}},"19":{"start":{"line":45,"column":4},"end":{"line":45,"column":22}},"20":{"start":{"line":48,"column":4},"end":{"line":48,"column":91}},"21":{"start":{"line":51,"column":0},"end":{"line":51,"column":24}}},"fnMap":{"0":{"name":"readDatabase","decl":{"start":{"line":10,"column":9},"end":{"line":10,"column":21}},"loc":{"start":{"line":10,"column":24},"end":{"line":13,"column":1}},"line":10},"1":{"name":"writeDatabase","decl":{"start":{"line":16,"column":9},"end":{"line":16,"column":22}},"loc":{"start":{"line":16,"column":29},"end":{"line":18,"column":1}},"line":16},"2":{"name":"(anonymous_2)","decl":{"start":{"line":21,"column":25},"end":{"line":21,"column":26}},"loc":{"start":{"line":21,"column":39},"end":{"line":49,"column":1}},"line":21},"3":{"name":"(anonymous_3)","decl":{"start":{"line":33,"column":45},"end":{"line":33,"column":46}},"loc":{"start":{"line":33,"column":56},"end":{"line":33,"column":87}},"line":33}},"branchMap":{"0":{"loc":{"start":{"line":25,"column":4},"end":{"line":27,"column":5}},"type":"if","locations":[{"start":{"line":25,"column":4},"end":{"line":27,"column":5}},{"start":{},"end":{}}],"line":25},"1":{"loc":{"start":{"line":25,"column":8},"end":{"line":25,"column":27}},"type":"binary-expr","locations":[{"start":{"line":25,"column":8},"end":{"line":25,"column":18}},{"start":{"line":25,"column":22},"end":{"line":25,"column":27}}],"line":25},"2":{"loc":{"start":{"line":34,"column":4},"end":{"line":36,"column":5}},"type":"if","locations":[{"start":{"line":34,"column":4},"end":{"line":36,"column":5}},{"start":{},"end":{}}],"line":34}},"s":{"0":1,"1":1,"2":1,"3":1,"4":1,"5":0,"6":0,"7":0,"8":1,"9":0,"10":0,"11":0,"12":0,"13":0,"14":0,"15":0,"16":0,"17":0,"18":0,"19":0,"20":0,"21":1},"f":{"0":0,"1":0,"2":0,"3":0},"b":{"0":[0,0],"1":[0,0],"2":[0,0]},"_coverageSchema":"1a1c01bbd47fc00a2c39e90264f33305004495a9","hash":"cc0a3972ad96c7d606b13ce2575a7a4a5ce5baa9","contentHash":"127119ab034f687c01a47175ffd0e8d2c18076e40bd988f225022ec2ee363ef1"}
,"C:\\Users\\ajxia\\OneDrive\\Desktop\\Documents\\DVOPS_Projects\\DVOPS_Project\\DevOps-Project\\util\\leaveapp.js": {"path":"C:\\Users\\ajxia\\OneDrive\\Desktop\\Documents\\DVOPS_Projects\\DVOPS_Project\\DevOps-Project\\util\\leaveapp.js","statementMap":{"0":{"start":{"line":1,"column":16},"end":{"line":1,"column":34}},"1":{"start":{"line":2,"column":11},"end":{"line":2,"column":24}},"2":{"start":{"line":3,"column":13},"end":{"line":3,"column":28}},"3":{"start":{"line":6,"column":15},"end":{"line":6,"column":31}},"4":{"start":{"line":9,"column":17},"end":{"line":9,"column":62}},"5":{"start":{"line":13,"column":0},"end":{"line":20,"column":1}},"6":{"start":{"line":14,"column":21},"end":{"line":14,"column":54}},"7":{"start":{"line":15,"column":4},"end":{"line":15,"column":32}},"8":{"start":{"line":16,"column":4},"end":{"line":16,"column":38}},"9":{"start":{"line":18,"column":4},"end":{"line":18,"column":51}},"10":{"start":{"line":19,"column":4},"end":{"line":19,"column":96}},"11":{"start":{"line":23,"column":24},"end":{"line":23,"column":52}},"12":{"start":{"line":26,"column":0},"end":{"line":36,"column":3}},"13":{"start":{"line":28,"column":4},"end":{"line":35,"column":7}},"14":{"start":{"line":29,"column":8},"end":{"line":34,"column":9}},"15":{"start":{"line":30,"column":12},"end":{"line":30,"column":59}},"16":{"start":{"line":31,"column":12},"end":{"line":31,"column":60}},"17":{"start":{"line":33,"column":12},"end":{"line":33,"column":39}},"18":{"start":{"line":39,"column":0},"end":{"line":59,"column":3}},"19":{"start":{"line":40,"column":54},"end":{"line":40,"column":62}},"20":{"start":{"line":43,"column":26},"end":{"line":43,"column":98}},"21":{"start":{"line":43,"column":56},"end":{"line":43,"column":97}},"22":{"start":{"line":44,"column":24},"end":{"line":44,"column":83}},"23":{"start":{"line":44,"column":49},"end":{"line":44,"column":82}},"24":{"start":{"line":46,"column":4},"end":{"line":48,"column":5}},"25":{"start":{"line":47,"column":8},"end":{"line":47,"column":81}},"26":{"start":{"line":50,"column":26},"end":{"line":50,"column":54}},"27":{"start":{"line":51,"column":27},"end":{"line":51,"column":102}},"28":{"start":{"line":52,"column":4},"end":{"line":52,"column":43}},"29":{"start":{"line":55,"column":4},"end":{"line":55,"column":47}},"30":{"start":{"line":56,"column":4},"end":{"line":56,"column":70}},"31":{"start":{"line":58,"column":4},"end":{"line":58,"column":71}},"32":{"start":{"line":62,"column":0},"end":{"line":64,"column":3}},"33":{"start":{"line":63,"column":4},"end":{"line":63,"column":32}},"34":{"start":{"line":67,"column":0},"end":{"line":82,"column":3}},"35":{"start":{"line":68,"column":38},"end":{"line":68,"column":46}},"36":{"start":{"line":69,"column":24},"end":{"line":69,"column":100}},"37":{"start":{"line":69,"column":54},"end":{"line":69,"column":99}},"38":{"start":{"line":71,"column":4},"end":{"line":81,"column":5}},"39":{"start":{"line":72,"column":8},"end":{"line":72,"column":36}},"40":{"start":{"line":75,"column":8},"end":{"line":75,"column":51}},"41":{"start":{"line":76,"column":8},"end":{"line":76,"column":74}},"42":{"start":{"line":78,"column":8},"end":{"line":78,"column":83}},"43":{"start":{"line":80,"column":8},"end":{"line":80,"column":68}},"44":{"start":{"line":84,"column":0},"end":{"line":84,"column":24}}},"fnMap":{"0":{"name":"(anonymous_0)","decl":{"start":{"line":26,"column":24},"end":{"line":26,"column":25}},"loc":{"start":{"line":26,"column":38},"end":{"line":36,"column":1}},"line":26},"1":{"name":"(anonymous_1)","decl":{"start":{"line":28,"column":34},"end":{"line":28,"column":35}},"loc":{"start":{"line":28,"column":49},"end":{"line":35,"column":5}},"line":28},"2":{"name":"(anonymous_2)","decl":{"start":{"line":39,"column":28},"end":{"line":39,"column":29}},"loc":{"start":{"line":39,"column":42},"end":{"line":59,"column":1}},"line":39},"3":{"name":"(anonymous_3)","decl":{"start":{"line":43,"column":45},"end":{"line":43,"column":46}},"loc":{"start":{"line":43,"column":56},"end":{"line":43,"column":97}},"line":43},"4":{"name":"(anonymous_4)","decl":{"start":{"line":44,"column":42},"end":{"line":44,"column":43}},"loc":{"start":{"line":44,"column":49},"end":{"line":44,"column":82}},"line":44},"5":{"name":"(anonymous_5)","decl":{"start":{"line":62,"column":38},"end":{"line":62,"column":39}},"loc":{"start":{"line":62,"column":52},"end":{"line":64,"column":1}},"line":62},"6":{"name":"(anonymous_6)","decl":{"start":{"line":67,"column":42},"end":{"line":67,"column":43}},"loc":{"start":{"line":67,"column":56},"end":{"line":82,"column":1}},"line":67},"7":{"name":"(anonymous_7)","decl":{"start":{"line":69,"column":47},"end":{"line":69,"column":48}},"loc":{"start":{"line":69,"column":54},"end":{"line":69,"column":99}},"line":69}},"branchMap":{"0":{"loc":{"start":{"line":23,"column":24},"end":{"line":23,"column":52}},"type":"binary-expr","locations":[{"start":{"line":23,"column":24},"end":{"line":23,"column":46}},{"start":{"line":23,"column":50},"end":{"line":23,"column":52}}],"line":23},"1":{"loc":{"start":{"line":29,"column":8},"end":{"line":34,"column":9}},"type":"if","locations":[{"start":{"line":29,"column":8},"end":{"line":34,"column":9}},{"start":{"line":32,"column":15},"end":{"line":34,"column":9}}],"line":29},"2":{"loc":{"start":{"line":46,"column":4},"end":{"line":48,"column":5}},"type":"if","locations":[{"start":{"line":46,"column":4},"end":{"line":48,"column":5}},{"start":{},"end":{}}],"line":46},"3":{"loc":{"start":{"line":46,"column":8},"end":{"line":46,"column":38}},"type":"binary-expr","locations":[{"start":{"line":46,"column":8},"end":{"line":46,"column":22}},{"start":{"line":46,"column":26},"end":{"line":46,"column":38}}],"line":46},"4":{"loc":{"start":{"line":71,"column":4},"end":{"line":81,"column":5}},"type":"if","locations":[{"start":{"line":71,"column":4},"end":{"line":81,"column":5}},{"start":{"line":79,"column":11},"end":{"line":81,"column":5}}],"line":71}},"s":{"0":1,"1":1,"2":1,"3":1,"4":1,"5":1,"6":1,"7":1,"8":1,"9":0,"10":0,"11":1,"12":1,"13":0,"14":0,"15":0,"16":0,"17":0,"18":1,"19":0,"20":0,"21":0,"22":0,"23":0,"24":0,"25":0,"26":0,"27":0,"28":0,"29":0,"30":0,"31":0,"32":1,"33":0,"34":1,"35":0,"36":0,"37":0,"38":0,"39":0,"40":0,"41":0,"42":0,"43":0,"44":1},"f":{"0":0,"1":0,"2":0,"3":0,"4":0,"5":0,"6":0,"7":0},"b":{"0":[1,0],"1":[0,0],"2":[0,0],"3":[0,0],"4":[0,0]},"_coverageSchema":"1a1c01bbd47fc00a2c39e90264f33305004495a9","hash":"4f50f6507a6f2b671435709b41023fa0e318a5bf","contentHash":"fb49b576e0938aed9f2da2238c5c7552ef8d7b522dd2a0e82b055dc8141c36ea"}
,"C:\\Users\\ajxia\\OneDrive\\Desktop\\Documents\\DVOPS_Projects\\DVOPS_Project\\DevOps-Project\\utils\\ResourceUtil.js": {"path":"C:\\Users\\ajxia\\OneDrive\\Desktop\\Documents\\DVOPS_Projects\\DVOPS_Project\\DevOps-Project\\utils\\ResourceUtil.js","statementMap":{"0":{"start":{"line":1,"column":11},"end":{"line":1,"column":24}},"1":{"start":{"line":2,"column":15},"end":{"line":2,"column":30}},"2":{"start":{"line":6,"column":19},"end":{"line":6,"column":52}},"3":{"start":{"line":7,"column":15},"end":{"line":7,"column":29}},"4":{"start":{"line":8,"column":13},"end":{"line":8,"column":57}},"5":{"start":{"line":10,"column":28},"end":{"line":12,"column":3}},"6":{"start":{"line":11,"column":16},"end":{"line":11,"column":68}},"7":{"start":{"line":14,"column":30},"end":{"line":20,"column":4}},"8":{"start":{"line":15,"column":20},"end":{"line":15,"column":77}},"9":{"start":{"line":15,"column":44},"end":{"line":15,"column":76}},"10":{"start":{"line":16,"column":4},"end":{"line":19,"column":6}},"11":{"start":{"line":22,"column":2},"end":{"line":22,"column":32}},"12":{"start":{"line":27,"column":23},"end":{"line":27,"column":60}},"13":{"start":{"line":28,"column":20},"end":{"line":28,"column":35}},"14":{"start":{"line":29,"column":17},"end":{"line":29,"column":34}},"15":{"start":{"line":31,"column":13},"end":{"line":31,"column":57}},"16":{"start":{"line":32,"column":19},"end":{"line":32,"column":77}},"17":{"start":{"line":32,"column":45},"end":{"line":32,"column":76}},"18":{"start":{"line":34,"column":2},"end":{"line":40,"column":3}},"19":{"start":{"line":35,"column":4},"end":{"line":35,"column":34}},"20":{"start":{"line":36,"column":4},"end":{"line":36,"column":58}},"21":{"start":{"line":37,"column":4},"end":{"line":37,"column":61}},"22":{"start":{"line":39,"column":4},"end":{"line":39,"column":69}},"23":{"start":{"line":43,"column":0},"end":{"line":43,"column":67}},"24":{"start":{"line":30,"column":13},"end":{"line":30,"column":57}},"25":{"start":{"line":31,"column":19},"end":{"line":31,"column":77}},"26":{"start":{"line":31,"column":45},"end":{"line":31,"column":76}},"27":{"start":{"line":33,"column":2},"end":{"line":39,"column":3}},"28":{"start":{"line":34,"column":4},"end":{"line":34,"column":34}},"29":{"start":{"line":35,"column":4},"end":{"line":35,"column":58}},"30":{"start":{"line":36,"column":4},"end":{"line":36,"column":61}},"31":{"start":{"line":38,"column":4},"end":{"line":38,"column":69}},"32":{"start":{"line":42,"column":0},"end":{"line":42,"column":67}},"33":{"start":{"line":1,"column":16},"end":{"line":1,"column":34}},"34":{"start":{"line":2,"column":11},"end":{"line":2,"column":33}},"35":{"start":{"line":3,"column":13},"end":{"line":3,"column":28}},"36":{"start":{"line":4,"column":15},"end":{"line":4,"column":31}},"37":{"start":{"line":7,"column":15},"end":{"line":7,"column":46}},"38":{"start":{"line":11,"column":2},"end":{"line":17,"column":3}},"39":{"start":{"line":12,"column":17},"end":{"line":12,"column":52}},"40":{"start":{"line":13,"column":4},"end":{"line":13,"column":28}},"41":{"start":{"line":15,"column":4},"end":{"line":15,"column":54}},"42":{"start":{"line":16,"column":4},"end":{"line":16,"column":14}},"43":{"start":{"line":22,"column":2},"end":{"line":27,"column":3}},"44":{"start":{"line":23,"column":4},"end":{"line":23,"column":74}},"45":{"start":{"line":25,"column":4},"end":{"line":25,"column":57}},"46":{"start":{"line":26,"column":4},"end":{"line":26,"column":14}},"47":{"start":{"line":31,"column":30},"end":{"line":53,"column":1}},"48":{"start":{"line":32,"column":19},"end":{"line":32,"column":52}},"49":{"start":{"line":33,"column":15},"end":{"line":33,"column":29}},"50":{"start":{"line":35,"column":2},"end":{"line":52,"column":3}},"51":{"start":{"line":36,"column":15},"end":{"line":36,"column":37}},"52":{"start":{"line":37,"column":30},"end":{"line":39,"column":5}},"53":{"start":{"line":38,"column":18},"end":{"line":38,"column":70}},"54":{"start":{"line":41,"column":32},"end":{"line":47,"column":6}},"55":{"start":{"line":42,"column":22},"end":{"line":42,"column":79}},"56":{"start":{"line":42,"column":46},"end":{"line":42,"column":78}},"57":{"start":{"line":43,"column":6},"end":{"line":46,"column":8}},"58":{"start":{"line":49,"column":4},"end":{"line":49,"column":46}},"59":{"start":{"line":51,"column":4},"end":{"line":51,"column":70}},"60":{"start":{"line":56,"column":31},"end":{"line":94,"column":1}},"61":{"start":{"line":57,"column":23},"end":{"line":57,"column":60}},"62":{"start":{"line":58,"column":20},"end":{"line":58,"column":35}},"63":{"start":{"line":61,"column":2},"end":{"line":63,"column":3}},"64":{"start":{"line":62,"column":4},"end":{"line":62,"column":67}},"65":{"start":{"line":66,"column":2},"end":{"line":68,"column":3}},"66":{"start":{"line":67,"column":4},"end":{"line":67,"column":65}},"67":{"start":{"line":70,"column":2},"end":{"line":93,"column":3}},"68":{"start":{"line":71,"column":15},"end":{"line":71,"column":37}},"69":{"start":{"line":72,"column":29},"end":{"line":74,"column":5}},"70":{"start":{"line":73,"column":18},"end":{"line":73,"column":54}},"71":{"start":{"line":76,"column":4},"end":{"line":78,"column":5}},"72":{"start":{"line":77,"column":6},"end":{"line":77,"column":76}},"73":{"start":{"line":81,"column":4},"end":{"line":81,"column":40}},"74":{"start":{"line":82,"column":4},"end":{"line":82,"column":32}},"75":{"start":{"line":85,"column":4},"end":{"line":88,"column":7}},"76":{"start":{"line":91,"column":4},"end":{"line":91,"column":77}},"77":{"start":{"line":92,"column":4},"end":{"line":92,"column":79}},"78":{"start":{"line":96,"column":0},"end":{"line":96,"column":67}},"79":{"start":{"line":56,"column":31},"end":{"line":92,"column":1}},"80":{"start":{"line":70,"column":2},"end":{"line":91,"column":3}},"81":{"start":{"line":90,"column":4},"end":{"line":90,"column":79}},"82":{"start":{"line":95,"column":0},"end":{"line":95,"column":68}},"83":{"start":{"line":98,"column":0},"end":{"line":98,"column":73}},"84":{"start":{"line":100,"column":0},"end":{"line":100,"column":67}},"85":{"start":{"line":2,"column":13},"end":{"line":2,"column":28}},"86":{"start":{"line":4,"column":15},"end":{"line":4,"column":46}},"87":{"start":{"line":6,"column":30},"end":{"line":28,"column":1}},"88":{"start":{"line":7,"column":19},"end":{"line":7,"column":52}},"89":{"start":{"line":8,"column":15},"end":{"line":8,"column":29}},"90":{"start":{"line":10,"column":2},"end":{"line":27,"column":3}},"91":{"start":{"line":11,"column":15},"end":{"line":11,"column":59}},"92":{"start":{"line":12,"column":30},"end":{"line":14,"column":5}},"93":{"start":{"line":13,"column":18},"end":{"line":13,"column":70}},"94":{"start":{"line":16,"column":32},"end":{"line":22,"column":6}},"95":{"start":{"line":17,"column":22},"end":{"line":17,"column":79}},"96":{"start":{"line":17,"column":46},"end":{"line":17,"column":78}},"97":{"start":{"line":18,"column":6},"end":{"line":21,"column":8}},"98":{"start":{"line":24,"column":4},"end":{"line":24,"column":46}},"99":{"start":{"line":26,"column":4},"end":{"line":26,"column":70}},"100":{"start":{"line":31,"column":31},"end":{"line":60,"column":1}},"101":{"start":{"line":32,"column":23},"end":{"line":32,"column":60}},"102":{"start":{"line":33,"column":20},"end":{"line":33,"column":35}},"103":{"start":{"line":35,"column":2},"end":{"line":37,"column":3}},"104":{"start":{"line":36,"column":4},"end":{"line":36,"column":65}},"105":{"start":{"line":39,"column":2},"end":{"line":59,"column":3}},"106":{"start":{"line":40,"column":15},"end":{"line":40,"column":59}},"107":{"start":{"line":41,"column":29},"end":{"line":43,"column":5}},"108":{"start":{"line":42,"column":18},"end":{"line":42,"column":54}},"109":{"start":{"line":45,"column":4},"end":{"line":56,"column":5}},"110":{"start":{"line":46,"column":6},"end":{"line":46,"column":42}},"111":{"start":{"line":48,"column":6},"end":{"line":48,"column":69}},"112":{"start":{"line":50,"column":6},"end":{"line":53,"column":9}},"113":{"start":{"line":55,"column":6},"end":{"line":55,"column":76}},"114":{"start":{"line":58,"column":4},"end":{"line":58,"column":79}},"115":{"start":{"line":62,"column":0},"end":{"line":62,"column":67}},"116":{"start":{"line":32,"column":31},"end":{"line":63,"column":1}},"117":{"start":{"line":33,"column":23},"end":{"line":33,"column":60}},"118":{"start":{"line":34,"column":20},"end":{"line":34,"column":35}},"119":{"start":{"line":37,"column":2},"end":{"line":39,"column":3}},"120":{"start":{"line":38,"column":4},"end":{"line":38,"column":65}},"121":{"start":{"line":41,"column":2},"end":{"line":62,"column":3}},"122":{"start":{"line":42,"column":15},"end":{"line":42,"column":59}},"123":{"start":{"line":43,"column":29},"end":{"line":45,"column":5}},"124":{"start":{"line":44,"column":18},"end":{"line":44,"column":54}},"125":{"start":{"line":47,"column":4},"end":{"line":49,"column":5}},"126":{"start":{"line":48,"column":6},"end":{"line":48,"column":76}},"127":{"start":{"line":52,"column":4},"end":{"line":52,"column":40}},"128":{"start":{"line":53,"column":4},"end":{"line":53,"column":67}},"129":{"start":{"line":56,"column":4},"end":{"line":59,"column":7}},"130":{"start":{"line":61,"column":4},"end":{"line":61,"column":79}},"131":{"start":{"line":65,"column":0},"end":{"line":65,"column":67}},"132":{"start":{"line":56,"column":31},"end":{"line":99,"column":1}},"133":{"start":{"line":70,"column":2},"end":{"line":98,"column":3}},"134":{"start":{"line":91,"column":4},"end":{"line":95,"column":5}},"135":{"start":{"line":92,"column":6},"end":{"line":94,"column":61}},"136":{"start":{"line":97,"column":4},"end":{"line":97,"column":68}},"137":{"start":{"line":101,"column":0},"end":{"line":101,"column":67}},"138":{"start":{"line":95,"column":0},"end":{"line":95,"column":67}},"139":{"start":{"line":56,"column":31},"end":{"line":93,"column":1}},"140":{"start":{"line":70,"column":2},"end":{"line":92,"column":3}},"141":{"start":{"line":90,"column":4},"end":{"line":90,"column":60}},"142":{"start":{"line":91,"column":4},"end":{"line":91,"column":79}},"143":{"start":{"line":96,"column":0},"end":{"line":118,"column":3}},"144":{"start":{"line":97,"column":19},"end":{"line":97,"column":52}},"145":{"start":{"line":98,"column":15},"end":{"line":98,"column":29}},"146":{"start":{"line":100,"column":2},"end":{"line":117,"column":3}},"147":{"start":{"line":101,"column":15},"end":{"line":101,"column":37}},"148":{"start":{"line":102,"column":30},"end":{"line":104,"column":5}},"149":{"start":{"line":103,"column":18},"end":{"line":103,"column":70}},"150":{"start":{"line":106,"column":32},"end":{"line":112,"column":6}},"151":{"start":{"line":107,"column":22},"end":{"line":107,"column":79}},"152":{"start":{"line":107,"column":46},"end":{"line":107,"column":78}},"153":{"start":{"line":108,"column":6},"end":{"line":111,"column":8}},"154":{"start":{"line":114,"column":4},"end":{"line":114,"column":46}},"155":{"start":{"line":116,"column":4},"end":{"line":116,"column":63}},"156":{"start":{"line":121,"column":0},"end":{"line":146,"column":3}},"157":{"start":{"line":122,"column":23},"end":{"line":122,"column":60}},"158":{"start":{"line":123,"column":20},"end":{"line":123,"column":35}},"159":{"start":{"line":125,"column":2},"end":{"line":145,"column":3}},"160":{"start":{"line":126,"column":15},"end":{"line":126,"column":37}},"161":{"start":{"line":127,"column":29},"end":{"line":129,"column":5}},"162":{"start":{"line":128,"column":18},"end":{"line":128,"column":54}},"163":{"start":{"line":131,"column":4},"end":{"line":133,"column":5}},"164":{"start":{"line":132,"column":6},"end":{"line":132,"column":76}},"165":{"start":{"line":136,"column":4},"end":{"line":136,"column":40}},"166":{"start":{"line":137,"column":4},"end":{"line":137,"column":32}},"167":{"start":{"line":139,"column":4},"end":{"line":142,"column":7}},"168":{"start":{"line":144,"column":4},"end":{"line":144,"column":79}},"169":{"start":{"line":148,"column":0},"end":{"line":148,"column":67}},"170":{"start":{"line":94,"column":0},"end":{"line":94,"column":67}},"171":{"start":{"line":1,"column":11},"end":{"line":1,"column":33}},"172":{"start":{"line":5,"column":15},"end":{"line":5,"column":46}},"173":{"start":{"line":9,"column":2},"end":{"line":15,"column":3}},"174":{"start":{"line":10,"column":17},"end":{"line":10,"column":52}},"175":{"start":{"line":11,"column":4},"end":{"line":11,"column":28}},"176":{"start":{"line":13,"column":4},"end":{"line":13,"column":54}},"177":{"start":{"line":14,"column":4},"end":{"line":14,"column":14}},"178":{"start":{"line":20,"column":2},"end":{"line":27,"column":3}},"179":{"start":{"line":21,"column":15},"end":{"line":21,"column":39}},"180":{"start":{"line":22,"column":4},"end":{"line":22,"column":70}},"181":{"start":{"line":23,"column":4},"end":{"line":23,"column":14}},"182":{"start":{"line":7,"column":34},"end":{"line":7,"column":80}},"183":{"start":{"line":10,"column":15},"end":{"line":10,"column":46}},"184":{"start":{"line":14,"column":2},"end":{"line":20,"column":3}},"185":{"start":{"line":15,"column":17},"end":{"line":15,"column":52}},"186":{"start":{"line":16,"column":4},"end":{"line":16,"column":28}},"187":{"start":{"line":18,"column":4},"end":{"line":18,"column":54}},"188":{"start":{"line":19,"column":4},"end":{"line":19,"column":14}},"189":{"start":{"line":25,"column":2},"end":{"line":30,"column":3}},"190":{"start":{"line":26,"column":4},"end":{"line":26,"column":74}},"191":{"start":{"line":28,"column":4},"end":{"line":28,"column":57}},"192":{"start":{"line":29,"column":4},"end":{"line":29,"column":14}},"193":{"start":{"line":34,"column":31},"end":{"line":72,"column":1}},"194":{"start":{"line":35,"column":23},"end":{"line":35,"column":60}},"195":{"start":{"line":36,"column":20},"end":{"line":36,"column":35}},"196":{"start":{"line":39,"column":2},"end":{"line":41,"column":3}},"197":{"start":{"line":40,"column":4},"end":{"line":40,"column":67}},"198":{"start":{"line":44,"column":2},"end":{"line":46,"column":3}},"199":{"start":{"line":45,"column":4},"end":{"line":45,"column":65}},"200":{"start":{"line":48,"column":2},"end":{"line":71,"column":3}},"201":{"start":{"line":49,"column":15},"end":{"line":49,"column":37}},"202":{"start":{"line":50,"column":29},"end":{"line":52,"column":5}},"203":{"start":{"line":51,"column":18},"end":{"line":51,"column":54}},"204":{"start":{"line":54,"column":4},"end":{"line":56,"column":5}},"205":{"start":{"line":59,"column":4},"end":{"line":59,"column":40}},"206":{"start":{"line":60,"column":4},"end":{"line":60,"column":32}},"207":{"start":{"line":63,"column":4},"end":{"line":66,"column":7}},"208":{"start":{"line":69,"column":4},"end":{"line":69,"column":77}},"209":{"start":{"line":70,"column":4},"end":{"line":70,"column":79}},"210":{"start":{"line":75,"column":0},"end":{"line":75,"column":68}},"211":{"start":{"line":78,"column":0},"end":{"line":78,"column":73}},"212":{"start":{"line":80,"column":0},"end":{"line":80,"column":67}},"213":{"start":{"line":31,"column":15},"end":{"line":31,"column":73}},"214":{"start":{"line":31,"column":41},"end":{"line":31,"column":72}},"215":{"start":{"line":34,"column":4},"end":{"line":34,"column":30}},"216":{"start":{"line":9,"column":4},"end":{"line":9,"column":50}},"217":{"start":{"line":12,"column":15},"end":{"line":12,"column":46}},"218":{"start":{"line":16,"column":2},"end":{"line":22,"column":3}},"219":{"start":{"line":17,"column":17},"end":{"line":17,"column":52}},"220":{"start":{"line":18,"column":4},"end":{"line":18,"column":28}},"221":{"start":{"line":20,"column":4},"end":{"line":20,"column":54}},"222":{"start":{"line":21,"column":4},"end":{"line":21,"column":14}},"223":{"start":{"line":27,"column":2},"end":{"line":32,"column":3}},"224":{"start":{"line":28,"column":4},"end":{"line":28,"column":74}},"225":{"start":{"line":30,"column":4},"end":{"line":30,"column":57}},"226":{"start":{"line":31,"column":4},"end":{"line":31,"column":14}},"227":{"start":{"line":36,"column":31},"end":{"line":75,"column":1}},"228":{"start":{"line":37,"column":23},"end":{"line":37,"column":60}},"229":{"start":{"line":38,"column":20},"end":{"line":38,"column":35}},"230":{"start":{"line":41,"column":2},"end":{"line":43,"column":3}},"231":{"start":{"line":42,"column":4},"end":{"line":42,"column":67}},"232":{"start":{"line":46,"column":2},"end":{"line":48,"column":3}},"233":{"start":{"line":47,"column":4},"end":{"line":47,"column":65}},"234":{"start":{"line":50,"column":2},"end":{"line":74,"column":3}},"235":{"start":{"line":51,"column":15},"end":{"line":51,"column":37}},"236":{"start":{"line":52,"column":29},"end":{"line":54,"column":5}},"237":{"start":{"line":53,"column":18},"end":{"line":53,"column":54}},"238":{"start":{"line":57,"column":4},"end":{"line":59,"column":5}},"239":{"start":{"line":58,"column":6},"end":{"line":58,"column":76}},"240":{"start":{"line":62,"column":4},"end":{"line":62,"column":40}},"241":{"start":{"line":63,"column":4},"end":{"line":63,"column":32}},"242":{"start":{"line":66,"column":4},"end":{"line":69,"column":7}},"243":{"start":{"line":72,"column":4},"end":{"line":72,"column":77}},"244":{"start":{"line":73,"column":4},"end":{"line":73,"column":79}},"245":{"start":{"line":78,"column":0},"end":{"line":78,"column":68}},"246":{"start":{"line":81,"column":0},"end":{"line":81,"column":73}},"247":{"start":{"line":83,"column":0},"end":{"line":83,"column":67}},"248":{"start":{"line":3,"column":15},"end":{"line":3,"column":46}},"249":{"start":{"line":6,"column":2},"end":{"line":11,"column":3}},"250":{"start":{"line":7,"column":17},"end":{"line":7,"column":52}},"251":{"start":{"line":8,"column":4},"end":{"line":8,"column":28}},"252":{"start":{"line":10,"column":4},"end":{"line":10,"column":55}},"253":{"start":{"line":14,"column":30},"end":{"line":36,"column":1}},"254":{"start":{"line":15,"column":19},"end":{"line":15,"column":52}},"255":{"start":{"line":16,"column":15},"end":{"line":16,"column":29}},"256":{"start":{"line":18,"column":2},"end":{"line":35,"column":3}},"257":{"start":{"line":19,"column":15},"end":{"line":19,"column":59}},"258":{"start":{"line":20,"column":30},"end":{"line":22,"column":5}},"259":{"start":{"line":21,"column":18},"end":{"line":21,"column":70}},"260":{"start":{"line":24,"column":32},"end":{"line":30,"column":6}},"261":{"start":{"line":25,"column":22},"end":{"line":25,"column":79}},"262":{"start":{"line":25,"column":46},"end":{"line":25,"column":78}},"263":{"start":{"line":26,"column":6},"end":{"line":29,"column":8}},"264":{"start":{"line":32,"column":4},"end":{"line":32,"column":46}},"265":{"start":{"line":34,"column":4},"end":{"line":34,"column":70}},"266":{"start":{"line":42,"column":2},"end":{"line":78,"column":3}},"267":{"start":{"line":43,"column":25},"end":{"line":43,"column":62}},"268":{"start":{"line":44,"column":22},"end":{"line":44,"column":37}},"269":{"start":{"line":46,"column":4},"end":{"line":48,"column":5}},"270":{"start":{"line":47,"column":6},"end":{"line":47,"column":67}},"271":{"start":{"line":50,"column":15},"end":{"line":50,"column":37}},"272":{"start":{"line":51,"column":19},"end":{"line":51,"column":24}},"273":{"start":{"line":53,"column":4},"end":{"line":61,"column":5}},"274":{"start":{"line":53,"column":17},"end":{"line":53,"column":18}},"275":{"start":{"line":54,"column":28},"end":{"line":54,"column":44}},"276":{"start":{"line":55,"column":6},"end":{"line":60,"column":7}},"277":{"start":{"line":57,"column":8},"end":{"line":57,"column":44}},"278":{"start":{"line":58,"column":8},"end":{"line":58,"column":24}},"279":{"start":{"line":59,"column":8},"end":{"line":59,"column":14}},"280":{"start":{"line":63,"column":4},"end":{"line":74,"column":5}},"281":{"start":{"line":64,"column":6},"end":{"line":64,"column":70}},"282":{"start":{"line":65,"column":6},"end":{"line":70,"column":9}},"283":{"start":{"line":68,"column":22},"end":{"line":68,"column":58}},"284":{"start":{"line":73,"column":6},"end":{"line":73,"column":76}},"285":{"start":{"line":77,"column":4},"end":{"line":77,"column":56}},"286":{"start":{"line":81,"column":0},"end":{"line":81,"column":67}},"287":{"start":{"line":34,"column":2},"end":{"line":70,"column":3}},"288":{"start":{"line":35,"column":25},"end":{"line":35,"column":62}},"289":{"start":{"line":36,"column":22},"end":{"line":36,"column":37}},"290":{"start":{"line":38,"column":4},"end":{"line":40,"column":5}},"291":{"start":{"line":39,"column":6},"end":{"line":39,"column":67}},"292":{"start":{"line":42,"column":15},"end":{"line":42,"column":37}},"293":{"start":{"line":43,"column":19},"end":{"line":43,"column":24}},"294":{"start":{"line":45,"column":4},"end":{"line":53,"column":5}},"295":{"start":{"line":45,"column":17},"end":{"line":45,"column":18}},"296":{"start":{"line":46,"column":28},"end":{"line":46,"column":44}},"297":{"start":{"line":47,"column":6},"end":{"line":52,"column":7}},"298":{"start":{"line":49,"column":8},"end":{"line":49,"column":44}},"299":{"start":{"line":50,"column":8},"end":{"line":50,"column":24}},"300":{"start":{"line":51,"column":8},"end":{"line":51,"column":14}},"301":{"start":{"line":55,"column":4},"end":{"line":66,"column":5}},"302":{"start":{"line":56,"column":6},"end":{"line":56,"column":70}},"303":{"start":{"line":57,"column":6},"end":{"line":62,"column":9}},"304":{"start":{"line":60,"column":22},"end":{"line":60,"column":58}},"305":{"start":{"line":65,"column":6},"end":{"line":65,"column":76}},"306":{"start":{"line":69,"column":4},"end":{"line":69,"column":56}},"307":{"start":{"line":73,"column":0},"end":{"line":73,"column":67}},"308":{"start":{"line":56,"column":31},"end":{"line":87,"column":1}},"309":{"start":{"line":62,"column":4},"end":{"line":62,"column":65}},"310":{"start":{"line":65,"column":2},"end":{"line":86,"column":3}},"311":{"start":{"line":66,"column":15},"end":{"line":66,"column":37}},"312":{"start":{"line":67,"column":29},"end":{"line":69,"column":5}},"313":{"start":{"line":68,"column":18},"end":{"line":68,"column":54}},"314":{"start":{"line":71,"column":4},"end":{"line":73,"column":5}},"315":{"start":{"line":72,"column":6},"end":{"line":72,"column":76}},"316":{"start":{"line":76,"column":4},"end":{"line":76,"column":40}},"317":{"start":{"line":77,"column":4},"end":{"line":77,"column":32}},"318":{"start":{"line":80,"column":4},"end":{"line":83,"column":7}},"319":{"start":{"line":85,"column":4},"end":{"line":85,"column":79}},"320":{"start":{"line":89,"column":0},"end":{"line":89,"column":67}},"321":{"start":{"line":95,"column":0},"end":{"line":117,"column":3}},"322":{"start":{"line":96,"column":19},"end":{"line":96,"column":52}},"323":{"start":{"line":97,"column":15},"end":{"line":97,"column":29}},"324":{"start":{"line":99,"column":2},"end":{"line":116,"column":3}},"325":{"start":{"line":100,"column":15},"end":{"line":100,"column":37}},"326":{"start":{"line":101,"column":30},"end":{"line":103,"column":5}},"327":{"start":{"line":102,"column":18},"end":{"line":102,"column":70}},"328":{"start":{"line":105,"column":32},"end":{"line":111,"column":6}},"329":{"start":{"line":106,"column":22},"end":{"line":106,"column":79}},"330":{"start":{"line":106,"column":46},"end":{"line":106,"column":78}},"331":{"start":{"line":107,"column":6},"end":{"line":110,"column":8}},"332":{"start":{"line":113,"column":4},"end":{"line":113,"column":46}},"333":{"start":{"line":115,"column":4},"end":{"line":115,"column":63}},"334":{"start":{"line":120,"column":0},"end":{"line":145,"column":3}},"335":{"start":{"line":121,"column":23},"end":{"line":121,"column":60}},"336":{"start":{"line":122,"column":20},"end":{"line":122,"column":35}},"337":{"start":{"line":124,"column":2},"end":{"line":144,"column":3}},"338":{"start":{"line":125,"column":15},"end":{"line":125,"column":37}},"339":{"start":{"line":126,"column":29},"end":{"line":128,"column":5}},"340":{"start":{"line":127,"column":18},"end":{"line":127,"column":54}},"341":{"start":{"line":130,"column":4},"end":{"line":132,"column":5}},"342":{"start":{"line":131,"column":6},"end":{"line":131,"column":76}},"343":{"start":{"line":135,"column":4},"end":{"line":135,"column":40}},"344":{"start":{"line":136,"column":4},"end":{"line":136,"column":32}},"345":{"start":{"line":138,"column":4},"end":{"line":141,"column":7}},"346":{"start":{"line":143,"column":4},"end":{"line":143,"column":79}},"347":{"start":{"line":147,"column":0},"end":{"line":147,"column":67}}},"fnMap":{"0":{"name":"getAttendanceByLesson","decl":{"start":{"line":5,"column":9},"end":{"line":5,"column":30}},"loc":{"start":{"line":5,"column":41},"end":{"line":23,"column":1}},"line":5},"1":{"name":"(anonymous_1)","decl":{"start":{"line":11,"column":4},"end":{"line":11,"column":5}},"loc":{"start":{"line":11,"column":16},"end":{"line":11,"column":68}},"line":11},"2":{"name":"(anonymous_2)","decl":{"start":{"line":14,"column":52},"end":{"line":14,"column":53}},"loc":{"start":{"line":14,"column":64},"end":{"line":20,"column":3}},"line":14},"3":{"name":"(anonymous_3)","decl":{"start":{"line":15,"column":37},"end":{"line":15,"column":38}},"loc":{"start":{"line":15,"column":44},"end":{"line":15,"column":76}},"line":15},"4":{"name":"updateAttendanceStatus","decl":{"start":{"line":26,"column":9},"end":{"line":26,"column":31}},"loc":{"start":{"line":26,"column":42},"end":{"line":41,"column":1}},"line":26},"5":{"name":"(anonymous_5)","decl":{"start":{"line":32,"column":38},"end":{"line":32,"column":39}},"loc":{"start":{"line":32,"column":45},"end":{"line":32,"column":76}},"line":32},"6":{"name":"updateAttendanceStatus","decl":{"start":{"line":26,"column":9},"end":{"line":26,"column":31}},"loc":{"start":{"line":26,"column":42},"end":{"line":40,"column":1}},"line":26},"7":{"name":"(anonymous_5)","decl":{"start":{"line":31,"column":38},"end":{"line":31,"column":39}},"loc":{"start":{"line":31,"column":45},"end":{"line":31,"column":76}},"line":31},"8":{"name":"readJSON","decl":{"start":{"line":10,"column":15},"end":{"line":10,"column":23}},"loc":{"start":{"line":10,"column":34},"end":{"line":18,"column":1}},"line":10},"9":{"name":"writeJSON","decl":{"start":{"line":21,"column":15},"end":{"line":21,"column":24}},"loc":{"start":{"line":21,"column":43},"end":{"line":28,"column":1}},"line":21},"10":{"name":"(anonymous_2)","decl":{"start":{"line":31,"column":30},"end":{"line":31,"column":31}},"loc":{"start":{"line":31,"column":50},"end":{"line":53,"column":1}},"line":31},"11":{"name":"(anonymous_3)","decl":{"start":{"line":38,"column":6},"end":{"line":38,"column":7}},"loc":{"start":{"line":38,"column":18},"end":{"line":38,"column":70}},"line":38},"12":{"name":"(anonymous_4)","decl":{"start":{"line":41,"column":54},"end":{"line":41,"column":55}},"loc":{"start":{"line":41,"column":66},"end":{"line":47,"column":5}},"line":41},"13":{"name":"(anonymous_5)","decl":{"start":{"line":42,"column":39},"end":{"line":42,"column":40}},"loc":{"start":{"line":42,"column":46},"end":{"line":42,"column":78}},"line":42},"14":{"name":"(anonymous_6)","decl":{"start":{"line":56,"column":31},"end":{"line":56,"column":32}},"loc":{"start":{"line":56,"column":51},"end":{"line":94,"column":1}},"line":56},"15":{"name":"(anonymous_7)","decl":{"start":{"line":73,"column":6},"end":{"line":73,"column":7}},"loc":{"start":{"line":73,"column":18},"end":{"line":73,"column":54}},"line":73},"16":{"name":"(anonymous_6)","decl":{"start":{"line":56,"column":31},"end":{"line":56,"column":32}},"loc":{"start":{"line":56,"column":51},"end":{"line":92,"column":1}},"line":56},"17":{"name":"(anonymous_0)","decl":{"start":{"line":6,"column":30},"end":{"line":6,"column":31}},"loc":{"start":{"line":6,"column":44},"end":{"line":28,"column":1}},"line":6},"18":{"name":"(anonymous_1)","decl":{"start":{"line":13,"column":6},"end":{"line":13,"column":7}},"loc":{"start":{"line":13,"column":18},"end":{"line":13,"column":70}},"line":13},"19":{"name":"(anonymous_2)","decl":{"start":{"line":16,"column":54},"end":{"line":16,"column":55}},"loc":{"start":{"line":16,"column":66},"end":{"line":22,"column":5}},"line":16},"20":{"name":"(anonymous_3)","decl":{"start":{"line":17,"column":39},"end":{"line":17,"column":40}},"loc":{"start":{"line":17,"column":46},"end":{"line":17,"column":78}},"line":17},"21":{"name":"(anonymous_4)","decl":{"start":{"line":31,"column":31},"end":{"line":31,"column":32}},"loc":{"start":{"line":31,"column":45},"end":{"line":60,"column":1}},"line":31},"22":{"name":"(anonymous_5)","decl":{"start":{"line":42,"column":6},"end":{"line":42,"column":7}},"loc":{"start":{"line":42,"column":18},"end":{"line":42,"column":54}},"line":42},"23":{"name":"(anonymous_4)","decl":{"start":{"line":32,"column":31},"end":{"line":32,"column":32}},"loc":{"start":{"line":32,"column":45},"end":{"line":63,"column":1}},"line":32},"24":{"name":"(anonymous_5)","decl":{"start":{"line":44,"column":6},"end":{"line":44,"column":7}},"loc":{"start":{"line":44,"column":18},"end":{"line":44,"column":54}},"line":44},"25":{"name":"(anonymous_6)","decl":{"start":{"line":56,"column":31},"end":{"line":56,"column":32}},"loc":{"start":{"line":56,"column":51},"end":{"line":99,"column":1}},"line":56},"26":{"name":"(anonymous_6)","decl":{"start":{"line":56,"column":31},"end":{"line":56,"column":32}},"loc":{"start":{"line":56,"column":51},"end":{"line":93,"column":1}},"line":56},"27":{"name":"(anonymous_8)","decl":{"start":{"line":96,"column":45},"end":{"line":96,"column":46}},"loc":{"start":{"line":96,"column":65},"end":{"line":118,"column":1}},"line":96},"28":{"name":"(anonymous_9)","decl":{"start":{"line":103,"column":6},"end":{"line":103,"column":7}},"loc":{"start":{"line":103,"column":18},"end":{"line":103,"column":70}},"line":103},"29":{"name":"(anonymous_10)","decl":{"start":{"line":106,"column":54},"end":{"line":106,"column":55}},"loc":{"start":{"line":106,"column":66},"end":{"line":112,"column":5}},"line":106},"30":{"name":"(anonymous_11)","decl":{"start":{"line":107,"column":39},"end":{"line":107,"column":40}},"loc":{"start":{"line":107,"column":46},"end":{"line":107,"column":78}},"line":107},"31":{"name":"(anonymous_12)","decl":{"start":{"line":121,"column":49},"end":{"line":121,"column":50}},"loc":{"start":{"line":121,"column":69},"end":{"line":146,"column":1}},"line":121},"32":{"name":"(anonymous_13)","decl":{"start":{"line":128,"column":6},"end":{"line":128,"column":7}},"loc":{"start":{"line":128,"column":18},"end":{"line":128,"column":54}},"line":128},"33":{"name":"readJSON","decl":{"start":{"line":8,"column":15},"end":{"line":8,"column":23}},"loc":{"start":{"line":8,"column":34},"end":{"line":16,"column":1}},"line":8},"34":{"name":"writeJSON","decl":{"start":{"line":19,"column":15},"end":{"line":19,"column":24}},"loc":{"start":{"line":19,"column":43},"end":{"line":28,"column":1}},"line":19},"35":{"name":"readJSON","decl":{"start":{"line":13,"column":15},"end":{"line":13,"column":23}},"loc":{"start":{"line":13,"column":34},"end":{"line":21,"column":1}},"line":13},"36":{"name":"writeJSON","decl":{"start":{"line":24,"column":15},"end":{"line":24,"column":24}},"loc":{"start":{"line":24,"column":43},"end":{"line":31,"column":1}},"line":24},"37":{"name":"(anonymous_2)","decl":{"start":{"line":34,"column":31},"end":{"line":34,"column":32}},"loc":{"start":{"line":34,"column":51},"end":{"line":72,"column":1}},"line":34},"38":{"name":"(anonymous_3)","decl":{"start":{"line":51,"column":6},"end":{"line":51,"column":7}},"loc":{"start":{"line":51,"column":18},"end":{"line":51,"column":54}},"line":51},"39":{"name":"(anonymous_5)","decl":{"start":{"line":31,"column":34},"end":{"line":31,"column":35}},"loc":{"start":{"line":31,"column":41},"end":{"line":31,"column":72}},"line":31},"40":{"name":"readJSON","decl":{"start":{"line":15,"column":15},"end":{"line":15,"column":23}},"loc":{"start":{"line":15,"column":34},"end":{"line":23,"column":1}},"line":15},"41":{"name":"writeJSON","decl":{"start":{"line":26,"column":15},"end":{"line":26,"column":24}},"loc":{"start":{"line":26,"column":43},"end":{"line":33,"column":1}},"line":26},"42":{"name":"(anonymous_2)","decl":{"start":{"line":36,"column":31},"end":{"line":36,"column":32}},"loc":{"start":{"line":36,"column":51},"end":{"line":75,"column":1}},"line":36},"43":{"name":"(anonymous_3)","decl":{"start":{"line":53,"column":6},"end":{"line":53,"column":7}},"loc":{"start":{"line":53,"column":18},"end":{"line":53,"column":54}},"line":53},"44":{"name":"readJSON","decl":{"start":{"line":5,"column":15},"end":{"line":5,"column":23}},"loc":{"start":{"line":5,"column":34},"end":{"line":12,"column":1}},"line":5},"45":{"name":"(anonymous_1)","decl":{"start":{"line":14,"column":30},"end":{"line":14,"column":31}},"loc":{"start":{"line":14,"column":44},"end":{"line":36,"column":1}},"line":14},"46":{"name":"(anonymous_2)","decl":{"start":{"line":21,"column":6},"end":{"line":21,"column":7}},"loc":{"start":{"line":21,"column":18},"end":{"line":21,"column":70}},"line":21},"47":{"name":"(anonymous_3)","decl":{"start":{"line":24,"column":54},"end":{"line":24,"column":55}},"loc":{"start":{"line":24,"column":66},"end":{"line":30,"column":5}},"line":24},"48":{"name":"(anonymous_4)","decl":{"start":{"line":25,"column":39},"end":{"line":25,"column":40}},"loc":{"start":{"line":25,"column":46},"end":{"line":25,"column":78}},"line":25},"49":{"name":"updateAttendanceStatus","decl":{"start":{"line":41,"column":15},"end":{"line":41,"column":37}},"loc":{"start":{"line":41,"column":48},"end":{"line":79,"column":1}},"line":41},"50":{"name":"(anonymous_6)","decl":{"start":{"line":68,"column":10},"end":{"line":68,"column":11}},"loc":{"start":{"line":68,"column":22},"end":{"line":68,"column":58}},"line":68},"51":{"name":"updateAttendanceStatus","decl":{"start":{"line":33,"column":15},"end":{"line":33,"column":37}},"loc":{"start":{"line":33,"column":48},"end":{"line":71,"column":1}},"line":33},"52":{"name":"(anonymous_5)","decl":{"start":{"line":60,"column":10},"end":{"line":60,"column":11}},"loc":{"start":{"line":60,"column":22},"end":{"line":60,"column":58}},"line":60},"53":{"name":"(anonymous_6)","decl":{"start":{"line":56,"column":31},"end":{"line":56,"column":32}},"loc":{"start":{"line":56,"column":51},"end":{"line":87,"column":1}},"line":56},"54":{"name":"(anonymous_7)","decl":{"start":{"line":68,"column":6},"end":{"line":68,"column":7}},"loc":{"start":{"line":68,"column":18},"end":{"line":68,"column":54}},"line":68},"55":{"name":"(anonymous_8)","decl":{"start":{"line":95,"column":45},"end":{"line":95,"column":46}},"loc":{"start":{"line":95,"column":65},"end":{"line":117,"column":1}},"line":95},"56":{"name":"(anonymous_9)","decl":{"start":{"line":102,"column":6},"end":{"line":102,"column":7}},"loc":{"start":{"line":102,"column":18},"end":{"line":102,"column":70}},"line":102},"57":{"name":"(anonymous_10)","decl":{"start":{"line":105,"column":54},"end":{"line":105,"column":55}},"loc":{"start":{"line":105,"column":66},"end":{"line":111,"column":5}},"line":105},"58":{"name":"(anonymous_11)","decl":{"start":{"line":106,"column":39},"end":{"line":106,"column":40}},"loc":{"start":{"line":106,"column":46},"end":{"line":106,"column":78}},"line":106},"59":{"name":"(anonymous_12)","decl":{"start":{"line":120,"column":49},"end":{"line":120,"column":50}},"loc":{"start":{"line":120,"column":69},"end":{"line":145,"column":1}},"line":120},"60":{"name":"(anonymous_13)","decl":{"start":{"line":127,"column":6},"end":{"line":127,"column":7}},"loc":{"start":{"line":127,"column":18},"end":{"line":127,"column":54}},"line":127}},"branchMap":{"0":{"loc":{"start":{"line":11,"column":16},"end":{"line":11,"column":68}},"type":"binary-expr","locations":[{"start":{"line":11,"column":16},"end":{"line":11,"column":44}},{"start":{"line":11,"column":48},"end":{"line":11,"column":68}}],"line":11},"1":{"loc":{"start":{"line":18,"column":12},"end":{"line":18,"column":46}},"type":"cond-expr","locations":[{"start":{"line":18,"column":22},"end":{"line":18,"column":34}},{"start":{"line":18,"column":37},"end":{"line":18,"column":46}}],"line":18},"2":{"loc":{"start":{"line":34,"column":2},"end":{"line":40,"column":3}},"type":"if","locations":[{"start":{"line":34,"column":2},"end":{"line":40,"column":3}},{"start":{"line":38,"column":9},"end":{"line":40,"column":3}}],"line":34},"3":{"loc":{"start":{"line":33,"column":2},"end":{"line":39,"column":3}},"type":"if","locations":[{"start":{"line":33,"column":2},"end":{"line":39,"column":3}},{"start":{"line":37,"column":9},"end":{"line":39,"column":3}}],"line":33},"4":{"loc":{"start":{"line":38,"column":18},"end":{"line":38,"column":70}},"type":"binary-expr","locations":[{"start":{"line":38,"column":18},"end":{"line":38,"column":46}},{"start":{"line":38,"column":50},"end":{"line":38,"column":70}}],"line":38},"5":{"loc":{"start":{"line":45,"column":14},"end":{"line":45,"column":48}},"type":"cond-expr","locations":[{"start":{"line":45,"column":24},"end":{"line":45,"column":36}},{"start":{"line":45,"column":39},"end":{"line":45,"column":48}}],"line":45},"6":{"loc":{"start":{"line":61,"column":2},"end":{"line":63,"column":3}},"type":"if","locations":[{"start":{"line":61,"column":2},"end":{"line":63,"column":3}},{"start":{},"end":{}}],"line":61},"7":{"loc":{"start":{"line":66,"column":2},"end":{"line":68,"column":3}},"type":"if","locations":[{"start":{"line":66,"column":2},"end":{"line":68,"column":3}},{"start":{},"end":{}}],"line":66},"8":{"loc":{"start":{"line":76,"column":4},"end":{"line":78,"column":5}},"type":"if","locations":[{"start":{"line":76,"column":4},"end":{"line":78,"column":5}},{"start":{},"end":{}}],"line":76},"9":{"loc":{"start":{"line":13,"column":18},"end":{"line":13,"column":70}},"type":"binary-expr","locations":[{"start":{"line":13,"column":18},"end":{"line":13,"column":46}},{"start":{"line":13,"column":50},"end":{"line":13,"column":70}}],"line":13},"10":{"loc":{"start":{"line":20,"column":14},"end":{"line":20,"column":48}},"type":"cond-expr","locations":[{"start":{"line":20,"column":24},"end":{"line":20,"column":36}},{"start":{"line":20,"column":39},"end":{"line":20,"column":48}}],"line":20},"11":{"loc":{"start":{"line":35,"column":2},"end":{"line":37,"column":3}},"type":"if","locations":[{"start":{"line":35,"column":2},"end":{"line":37,"column":3}},{"start":{},"end":{}}],"line":35},"12":{"loc":{"start":{"line":45,"column":4},"end":{"line":56,"column":5}},"type":"if","locations":[{"start":{"line":45,"column":4},"end":{"line":56,"column":5}},{"start":{"line":54,"column":11},"end":{"line":56,"column":5}}],"line":45},"13":{"loc":{"start":{"line":37,"column":2},"end":{"line":39,"column":3}},"type":"if","locations":[{"start":{"line":37,"column":2},"end":{"line":39,"column":3}},{"start":{},"end":{}}],"line":37},"14":{"loc":{"start":{"line":47,"column":4},"end":{"line":49,"column":5}},"type":"if","locations":[{"start":{"line":47,"column":4},"end":{"line":49,"column":5}},{"start":{},"end":{}}],"line":47},"15":{"loc":{"start":{"line":91,"column":4},"end":{"line":95,"column":5}},"type":"if","locations":[{"start":{"line":91,"column":4},"end":{"line":95,"column":5}},{"start":{},"end":{}}],"line":91},"16":{"loc":{"start":{"line":91,"column":8},"end":{"line":91,"column":54}},"type":"binary-expr","locations":[{"start":{"line":91,"column":8},"end":{"line":91,"column":29}},{"start":{"line":91,"column":33},"end":{"line":91,"column":54}}],"line":91},"17":{"loc":{"start":{"line":103,"column":18},"end":{"line":103,"column":70}},"type":"binary-expr","locations":[{"start":{"line":103,"column":18},"end":{"line":103,"column":46}},{"start":{"line":103,"column":50},"end":{"line":103,"column":70}}],"line":103},"18":{"loc":{"start":{"line":110,"column":14},"end":{"line":110,"column":48}},"type":"cond-expr","locations":[{"start":{"line":110,"column":24},"end":{"line":110,"column":36}},{"start":{"line":110,"column":39},"end":{"line":110,"column":48}}],"line":110},"19":{"loc":{"start":{"line":131,"column":4},"end":{"line":133,"column":5}},"type":"if","locations":[{"start":{"line":131,"column":4},"end":{"line":133,"column":5}},{"start":{},"end":{}}],"line":131},"20":{"loc":{"start":{"line":39,"column":2},"end":{"line":41,"column":3}},"type":"if","locations":[{"start":{"line":39,"column":2},"end":{"line":41,"column":3}},{"start":{},"end":{}}],"line":39},"21":{"loc":{"start":{"line":44,"column":2},"end":{"line":46,"column":3}},"type":"if","locations":[{"start":{"line":44,"column":2},"end":{"line":46,"column":3}},{"start":{},"end":{}}],"line":44},"22":{"loc":{"start":{"line":54,"column":4},"end":{"line":56,"column":5}},"type":"if","locations":[{"start":{"line":54,"column":4},"end":{"line":56,"column":5}},{"start":{},"end":{}}],"line":54},"23":{"loc":{"start":{"line":41,"column":2},"end":{"line":43,"column":3}},"type":"if","locations":[{"start":{"line":41,"column":2},"end":{"line":43,"column":3}},{"start":{},"end":{}}],"line":41},"24":{"loc":{"start":{"line":46,"column":2},"end":{"line":48,"column":3}},"type":"if","locations":[{"start":{"line":46,"column":2},"end":{"line":48,"column":3}},{"start":{},"end":{}}],"line":46},"25":{"loc":{"start":{"line":57,"column":4},"end":{"line":59,"column":5}},"type":"if","locations":[{"start":{"line":57,"column":4},"end":{"line":59,"column":5}},{"start":{},"end":{}}],"line":57},"26":{"loc":{"start":{"line":21,"column":18},"end":{"line":21,"column":70}},"type":"binary-expr","locations":[{"start":{"line":21,"column":18},"end":{"line":21,"column":46}},{"start":{"line":21,"column":50},"end":{"line":21,"column":70}}],"line":21},"27":{"loc":{"start":{"line":28,"column":14},"end":{"line":28,"column":48}},"type":"cond-expr","locations":[{"start":{"line":28,"column":24},"end":{"line":28,"column":36}},{"start":{"line":28,"column":39},"end":{"line":28,"column":48}}],"line":28},"28":{"loc":{"start":{"line":46,"column":4},"end":{"line":48,"column":5}},"type":"if","locations":[{"start":{"line":46,"column":4},"end":{"line":48,"column":5}},{"start":{},"end":{}}],"line":46},"29":{"loc":{"start":{"line":55,"column":6},"end":{"line":60,"column":7}},"type":"if","locations":[{"start":{"line":55,"column":6},"end":{"line":60,"column":7}},{"start":{},"end":{}}],"line":55},"30":{"loc":{"start":{"line":63,"column":4},"end":{"line":74,"column":5}},"type":"if","locations":[{"start":{"line":63,"column":4},"end":{"line":74,"column":5}},{"start":{"line":71,"column":11},"end":{"line":74,"column":5}}],"line":63},"31":{"loc":{"start":{"line":38,"column":4},"end":{"line":40,"column":5}},"type":"if","locations":[{"start":{"line":38,"column":4},"end":{"line":40,"column":5}},{"start":{},"end":{}}],"line":38},"32":{"loc":{"start":{"line":47,"column":6},"end":{"line":52,"column":7}},"type":"if","locations":[{"start":{"line":47,"column":6},"end":{"line":52,"column":7}},{"start":{},"end":{}}],"line":47},"33":{"loc":{"start":{"line":55,"column":4},"end":{"line":66,"column":5}},"type":"if","locations":[{"start":{"line":55,"column":4},"end":{"line":66,"column":5}},{"start":{"line":63,"column":11},"end":{"line":66,"column":5}}],"line":55},"34":{"loc":{"start":{"line":71,"column":4},"end":{"line":73,"column":5}},"type":"if","locations":[{"start":{"line":71,"column":4},"end":{"line":73,"column":5}},{"start":{},"end":{}}],"line":71},"35":{"loc":{"start":{"line":102,"column":18},"end":{"line":102,"column":70}},"type":"binary-expr","locations":[{"start":{"line":102,"column":18},"end":{"line":102,"column":46}},{"start":{"line":102,"column":50},"end":{"line":102,"column":70}}],"line":102},"36":{"loc":{"start":{"line":109,"column":14},"end":{"line":109,"column":48}},"type":"cond-expr","locations":[{"start":{"line":109,"column":24},"end":{"line":109,"column":36}},{"start":{"line":109,"column":39},"end":{"line":109,"column":48}}],"line":109},"37":{"loc":{"start":{"line":130,"column":4},"end":{"line":132,"column":5}},"type":"if","locations":[{"start":{"line":130,"column":4},"end":{"line":132,"column":5}},{"start":{},"end":{}}],"line":130}},"s":{"0":78,"1":52,"2":0,"3":54,"4":39,"5":0,"6":12,"7":3,"8":21,"9":21,"10":21,"11":10,"12":64,"13":21,"14":14,"15":8,"16":42,"17":58,"18":58,"19":21,"20":18,"21":39,"22":30,"23":8,"24":11,"25":19,"26":182,"27":69,"28":58,"29":21,"30":18,"31":39,"32":51,"33":21,"34":21,"35":21,"36":60,"37":54,"38":12,"39":12,"40":12,"41":9,"42":21,"43":10,"44":10,"45":4,"46":4,"47":20,"48":22,"49":49,"50":40,"51":18,"52":44,"53":39,"54":6,"55":22,"56":22,"57":6,"58":10,"59":18,"60":6,"61":108,"62":100,"63":108,"64":64,"65":100,"66":84,"67":10,"68":26,"69":16,"70":35,"71":12,"72":2,"73":17,"74":10,"75":10,"76":7,"77":5,"78":13,"79":18,"80":12,"81":11,"82":5,"83":9,"84":6,"85":68,"86":39,"87":39,"88":0,"89":0,"90":0,"91":12,"92":12,"93":12,"94":3,"95":21,"96":21,"97":12,"98":10,"99":14,"100":22,"101":20,"102":47,"103":28,"104":28,"105":22,"106":22,"107":6,"108":35,"109":6,"110":18,"111":10,"112":18,"113":14,"114":38,"115":146,"116":16,"117":53,"118":53,"119":38,"120":39,"121":6,"122":35,"123":6,"124":12,"125":6,"126":10,"127":36,"128":18,"129":40,"130":108,"131":52,"132":2,"133":3,"134":0,"135":0,"136":6,"137":2,"138":6,"139":11,"140":11,"141":10,"142":11,"143":5,"144":1,"145":4,"146":1,"147":2,"148":0,"149":0,"150":0,"151":0,"152":0,"153":0,"154":0,"155":1,"156":5,"157":1,"158":1,"159":1,"160":0,"161":0,"162":0,"163":0,"164":0,"165":0,"166":0,"167":0,"168":1,"169":5,"170":4,"171":5,"172":5,"173":39,"174":0,"175":12,"176":12,"177":18,"178":0,"179":12,"180":10,"181":10,"182":41,"183":12,"184":6,"185":9,"186":33,"187":12,"188":12,"189":4,"190":14,"191":8,"192":8,"193":2,"194":39,"195":26,"196":30,"197":22,"198":12,"199":6,"200":10,"201":10,"202":28,"203":40,"204":18,"205":49,"206":32,"207":36,"208":30,"209":24,"210":14,"211":14,"212":14,"213":8,"214":48,"215":58,"216":43,"217":22,"218":15,"219":21,"220":12,"221":0,"222":0,"223":8,"224":12,"225":0,"226":0,"227":4,"228":55,"229":55,"230":22,"231":35,"232":18,"233":6,"234":12,"235":18,"236":18,"237":62,"238":49,"239":30,"240":60,"241":32,"242":21,"243":12,"244":12,"245":18,"246":16,"247":16,"248":3,"249":0,"250":39,"251":39,"252":13,"253":3,"254":6,"255":22,"256":0,"257":15,"258":0,"259":12,"260":0,"261":9,"262":9,"263":4,"264":36,"265":69,"266":0,"267":6,"268":12,"269":6,"270":18,"271":18,"272":29,"273":15,"274":18,"275":18,"276":15,"277":33,"278":30,"279":49,"280":13,"281":36,"282":22,"283":21,"284":12,"285":12,"286":19,"287":0,"288":18,"289":18,"290":27,"291":30,"292":35,"293":6,"294":6,"295":6,"296":9,"297":14,"298":10,"299":18,"300":18,"301":15,"302":26,"303":31,"304":23,"305":21,"306":30,"307":19,"308":20,"309":64,"310":18,"311":24,"312":21,"313":21,"314":10,"315":12,"316":12,"317":12,"318":12,"319":10,"320":14,"321":1,"322":12,"323":5,"324":5,"325":0,"326":0,"327":0,"328":0,"329":0,"330":0,"331":0,"332":0,"333":0,"334":1,"335":5,"336":5,"337":5,"338":0,"339":0,"340":0,"341":0,"342":0,"343":0,"344":0,"345":0,"346":0,"347":1},"f":{"0":0,"1":12,"2":6,"3":30,"4":2,"5":19,"6":13,"7":142,"8":12,"9":10,"10":0,"11":43,"12":30,"13":30,"14":26,"15":61,"16":83,"17":0,"18":12,"19":12,"20":30,"21":0,"22":30,"23":0,"24":30,"25":9,"26":49,"27":0,"28":0,"29":0,"30":0,"31":0,"32":0,"33":0,"34":0,"35":6,"36":4,"37":10,"38":48,"39":21,"40":12,"41":21,"42":20,"43":66,"44":0,"45":0,"46":12,"47":4,"48":9,"49":0,"50":64,"51":0,"52":44,"53":90,"54":4,"55":0,"56":0,"57":0,"58":0,"59":0,"60":0},"b":{"0":[0,0],"1":[0,0],"2":[0,0],"3":[0,11],"4":[0,11],"5":[2,6],"6":[8,82],"7":[70,12],"8":[2,10],"9":[0,0],"10":[0,0],"11":[0,11],"12":[0,0],"13":[0,11],"14":[0,0],"15":[0,0],"16":[0,0],"17":[0,0],"18":[0,0],"19":[0,0],"20":[2,8],"21":[2,6],"22":[2,4],"23":[4,16],"24":[4,12],"25":[4,8],"26":[0,0],"27":[0,0],"28":[0,0],"29":[0,0],"30":[0,0],"31":[0,0],"32":[0,0],"33":[0,0],"34":[0,0],"35":[0,0],"36":[0,0],"37":[0,0]},"_coverageSchema":"1a1c01bbd47fc00a2c39e90264f33305004495a9","hash":"c951a194f2368c080e903032b40b8dc9a3030f8f","contentHash":"fcab17d9f1563603c21092a61d0ac388bfe9d490680aeebb9edb0944c46af6e1"}
}
