{"total": {"lines":{"total":21,"covered":16,"skipped":0,"pct":76.19},"statements":{"total":21,"covered":16,"skipped":0,"pct":76.19},"functions":{"total":11,"covered":6,"skipped":0,"pct":54.54},"branches":{"total":8,"covered":7,"skipped":0,"pct":87.5},"branchesTrue":{"total":0,"covered":0,"skipped":0,"pct":"Unknown"}}
,"C:\\Users\\ajxia\\OneDrive\\Desktop\\Documents\\DVOPS_Projects\\DVOPS_Project\\DevOps-Project\\public\\js\\attendance.js": {"lines":{"total":21,"covered":16,"skipped":0,"pct":76.19},"functions":{"total":11,"covered":6,"skipped":0,"pct":54.54},"statements":{"total":21,"covered":16,"skipped":0,"pct":76.19},"branches":{"total":8,"covered":7,"skipped":0,"pct":87.5}}
}
