{"total": {"lines":{"total":241,"covered":173,"skipped":0,"pct":71.78},"statements":{"total":469,"covered":367,"skipped":0,"pct":78.25},"functions":{"total":83,"covered":45,"skipped":0,"pct":54.21},"branches":{"total":102,"covered":32,"skipped":0,"pct":31.37},"branchesTrue":{"total":0,"covered":0,"skipped":0,"pct":100}}
,"C:\\Users\\ajxia\\OneDrive\\Desktop\\Documents\\DVOPS_Projects\\DVOPS_Project\\DevOps-Project\\index.js": {"lines":{"total":53,"covered":48,"skipped":0,"pct":90.56},"functions":{"total":10,"covered":7,"skipped":0,"pct":70},"statements":{"total":54,"covered":49,"skipped":0,"pct":90.74},"branches":{"total":10,"covered":7,"skipped":0,"pct":70}}
,"C:\\Users\\ajxia\\OneDrive\\Desktop\\Documents\\DVOPS_Projects\\DVOPS_Project\\DevOps-Project\\util\\createStudent.js": {"lines":{"total":21,"covered":7,"skipped":0,"pct":33.33},"functions":{"total":4,"covered":0,"skipped":0,"pct":0},"statements":{"total":22,"covered":7,"skipped":0,"pct":31.81},"branches":{"total":6,"covered":0,"skipped":0,"pct":0}}
,"C:\\Users\\ajxia\\OneDrive\\Desktop\\Documents\\DVOPS_Projects\\DVOPS_Project\\DevOps-Project\\util\\leaveapp.js": {"lines":{"total":42,"covered":15,"skipped":0,"pct":35.71},"functions":{"total":8,"covered":0,"skipped":0,"pct":0},"statements":{"total":45,"covered":15,"skipped":0,"pct":33.33},"branches":{"total":10,"covered":1,"skipped":0,"pct":10}}
,"C:\\Users\\ajxia\\OneDrive\\Desktop\\Documents\\DVOPS_Projects\\DVOPS_Project\\DevOps-Project\\utils\\ResourceUtil.js": {"lines":{"total":125,"covered":103,"skipped":0,"pct":82.4},"functions":{"total":61,"covered":38,"skipped":0,"pct":62.29},"statements":{"total":348,"covered":296,"skipped":0,"pct":85.05},"branches":{"total":76,"covered":24,"skipped":0,"pct":31.57}}
}
