TN:
SF:..\..\Users\ajxia\OneDrive\Desktop\Documents\DVOPS_Projects\DVOPS_Project\DevOps-Project\public\js\attendance.js
FN:1,(anonymous_0)
FN:6,loadAttendance
FN:17,(anonymous_2)
FN:18,(anonymous_3)
FN:22,(anonymous_4)
FN:46,(anonymous_5)
FN:50,updateStatus
FN:56,(anonymous_7)
FN:57,(anonymous_8)
FN:60,(anonymous_9)
FN:63,goToHomePage
FNF:11
FNH:6
FNDA:4,(anonymous_0)
FNDA:7,loadAttendance
FNDA:2,(anonymous_2)
FNDA:2,(anonymous_3)
FNDA:0,(anonymous_4)
FNDA:2,(anonymous_5)
FNDA:0,updateStatus
FNDA:0,(anonymous_7)
FNDA:0,(anonymous_8)
FNDA:0,(anonymous_9)
FNDA:1,goToHomePage
DA:1,4
DA:2,4
DA:7,7
DA:8,7
DA:11,7
DA:12,5
DA:13,5
DA:16,2
DA:17,2
DA:19,2
DA:20,2
DA:22,2
DA:23,0
DA:25,0
DA:43,0
DA:46,2
DA:51,0
DA:56,0
DA:58,0
DA:60,0
DA:65,1
LF:21
LH:14
BRDA:11,0,0,5
BRDA:11,0,1,2
BRDA:32,1,0,0
BRDA:32,1,1,0
BRDA:35,2,0,0
BRDA:35,2,1,8
BRDA:38,3,0,0
BRDA:38,3,1,8
BRF:8
BRH:5
end_of_record
